\BOOKMARK [0][-]{chapter*.1}{\376\377\000L\000i\000s\000t\000\040\000o\000f\000\040\000F\000i\000g\000u\000r\000e\000s}{}% 1
\BOOKMARK [0][-]{chapter*.2}{\376\377\000L\000i\000s\000t\000\040\000o\000f\000\040\000T\000a\000b\000l\000e\000s}{}% 2
\BOOKMARK [0][-]{section*.3}{\376\377\000L\000i\000s\000t\000\040\000o\000f\000\040\000A\000c\000r\000o\000n\000y\000m}{}% 3
\BOOKMARK [0][-]{chapter.1}{\376\377\000I\000n\000t\000r\000o\000d\000u\000c\000t\000i\000o\000n}{}% 4
\BOOKMARK [1][-]{section.1.1}{\376\377\000M\000o\000t\000i\000v\000a\000t\000i\000o\000n}{chapter.1}% 5
\BOOKMARK [1][-]{section.1.2}{\376\377\000O\000b\000j\000e\000c\000t\000i\000v\000e}{chapter.1}% 6
\BOOKMARK [0][-]{chapter.2}{\376\377\000L\000i\000t\000e\000r\000a\000t\000u\000r\000e\000\040\000R\000e\000v\000i\000e\000w}{}% 7
\BOOKMARK [1][-]{section.2.1}{\376\377\000S\000t\000r\000u\000c\000t\000u\000r\000a\000l\000\040\000H\000e\000a\000l\000t\000h\000\040\000M\000o\000n\000i\000t\000o\000r\000i\000n\000g}{chapter.2}% 8
\BOOKMARK [2][-]{subsection.2.1.1}{\376\377\000D\000e\000f\000i\000n\000i\000t\000i\000o\000n}{section.2.1}% 9
\BOOKMARK [2][-]{subsection.2.1.2}{\376\377\000B\000r\000i\000e\000f\000\040\000H\000i\000s\000t\000o\000r\000y}{section.2.1}% 10
\BOOKMARK [2][-]{subsection.2.1.3}{\376\377\000M\000a\000i\000n\000\040\000T\000e\000c\000h\000n\000i\000q\000u\000e\000s}{section.2.1}% 11
\BOOKMARK [2][-]{subsection.2.1.4}{\376\377\000R\000a\000i\000l\000w\000a\000y\000\040\000C\000r\000a\000c\000k\000s}{section.2.1}% 12
\BOOKMARK [1][-]{section.2.2}{\376\377\000U\000n\000n\000a\000m\000e\000d\000\040\000A\000e\000r\000i\000a\000l\000\040\000V\000e\000h\000i\000c\000l\000e\000\040\000C\000o\000n\000t\000r\000o\000l}{chapter.2}% 13
\BOOKMARK [2][-]{subsection.2.2.1}{\376\377\000U\000s\000a\000g\000e}{section.2.2}% 14
\BOOKMARK [2][-]{subsection.2.2.2}{\376\377\000C\000o\000n\000t\000r\000o\000l\000\040\000E\000q\000u\000a\000t\000i\000o\000n\000s}{section.2.2}% 15
\BOOKMARK [2][-]{subsection.2.2.3}{\376\377\000C\000o\000n\000t\000r\000o\000l\000\040\000A\000l\000g\000o\000r\000i\000t\000h\000m}{section.2.2}% 16
\BOOKMARK [1][-]{section.2.3}{\376\377\000A\000r\000t\000i\000f\000i\000c\000i\000a\000l\000\040\000N\000e\000u\000r\000a\000l\000\040\000N\000e\000t\000w\000o\000r\000k\000s}{chapter.2}% 17
\BOOKMARK [2][-]{subsection.2.3.1}{\376\377\000D\000e\000e\000p\000\040\000L\000e\000a\000r\000n\000i\000n\000g}{section.2.3}% 18
\BOOKMARK [2][-]{subsection.2.3.2}{\376\377\000N\000e\000u\000r\000a\000l\000\040\000N\000e\000t\000w\000o\000r\000k\000s\000\040\000M\000o\000d\000e\000l\000s}{section.2.3}% 19
\BOOKMARK [2][-]{subsection.2.3.3}{\376\377\000L\000o\000s\000s\000\040\000F\000u\000n\000c\000t\000i\000o\000n}{section.2.3}% 20
\BOOKMARK [2][-]{subsection.2.3.4}{\376\377\000O\000p\000t\000i\000m\000i\000z\000e\000r}{section.2.3}% 21
\BOOKMARK [0][-]{chapter.3}{\376\377\000M\000e\000t\000h\000o\000d\000o\000l\000o\000g\000y}{}% 22
\BOOKMARK [1][-]{section.3.1}{\376\377\000S\000o\000f\000t\000w\000a\000r\000e\000s}{chapter.3}% 23
\BOOKMARK [2][-]{subsection.3.1.1}{\376\377\000M\000a\000t\000l\000a\000b\000\256\000\040}{section.3.1}% 24
\BOOKMARK [2][-]{subsection.3.1.2}{\376\377\000P\000y\000T\000o\000r\000c\000h}{section.3.1}% 25
\BOOKMARK [1][-]{section.3.2}{\376\377\000N\000e\000u\000r\000a\000l\000\040\000N\000e\000t\000w\000o\000r\000k\000\040\000f\000o\000r\000\040\000U\000n\000n\000m\000a\000e\000d\000\040\000A\000e\000r\000i\000a\000l\000\040\000V\000e\000h\000i\000c\000l\000e\000\040\000C\000o\000n\000t\000r\000o\000l}{chapter.3}% 26
\BOOKMARK [2][-]{subsection.3.2.1}{\376\377\000D\000a\000t\000a\000\040\000G\000e\000n\000e\000r\000a\000t\000i\000o\000n}{section.3.2}% 27
\BOOKMARK [2][-]{subsection.3.2.2}{\376\377\000N\000e\000u\000r\000a\000l\000\040\000N\000e\000t\000w\000o\000r\000k\000s\000\040\000O\000v\000e\000r\000v\000i\000e\000w}{section.3.2}% 28
\BOOKMARK [2][-]{subsection.3.2.3}{\376\377\000N\000e\000u\000r\000a\000l\000\040\000N\000e\000t\000w\000o\000r\000k\000\040\000M\000o\000d\000e\000l\000i\000n\000g}{section.3.2}% 29
\BOOKMARK [1][-]{section.3.3}{\376\377\000N\000e\000u\000r\000a\000l\000\040\000N\000e\000t\000w\000o\000r\000k\000\040\000f\000o\000r\000\040\000S\000H\000M}{chapter.3}% 30
\BOOKMARK [0][-]{chapter.4}{\376\377\000R\000e\000s\000u\000l\000t\000s\000\040\000a\000n\000d\000\040\000D\000i\000s\000c\000u\000s\000s\000i\000o\000n}{}% 31
\BOOKMARK [1][-]{section.4.1}{\376\377\000C\000a\000s\000e\000\040\000S\000t\000u\000d\000y\000\040\0001\000:\000\040\000U\000n\000n\000a\000m\000e\000d\000\040\000A\000e\000r\000i\000a\000l\000\040\000V\000e\000h\000i\000c\000l\000e}{chapter.4}% 32
\BOOKMARK [2][-]{subsection.4.1.1}{\376\377\000M\000o\000d\000e\000l\000\040\000A}{section.4.1}% 33
\BOOKMARK [1][-]{section.4.2}{\376\377\000C\000a\000s\000e\000\040\000S\000t\000u\000d\000y\000\040\0002\000:\000\040\000S\000t\000r\000u\000c\000t\000u\000r\000a\000l\000\040\000H\000e\000a\000l\000t\000h\000\040\000M\000o\000n\000i\000t\000o\000r\000i\000n\000g}{chapter.4}% 34
\BOOKMARK [0][-]{chapter.5}{\376\377\000C\000o\000n\000c\000l\000u\000s\000i\000o\000n}{}% 35
