This is LuaHBTeX, Version 1.15.0 (TeX Live 2022/Debian)  (format=lualatex 2024.1.15)  26 APR 2024 21:04
 system commands enabled.
 file:line:error style messages enabled.
**/home/gabriel/Documents/deep-learning/report/neural_network latexmk -c
(/home/gabriel/Documents/deep-learning/report/neural_network.tex
LaTeX2e <2022-11-01> patch level 1
Lua module: luaotfload 2022-10-03 3.23 Lua based OpenType font support
Lua module: lualibs 2022-10-04 2.75 ConTeXt Lua standard libraries.
Lua module: lualibs-extended 2022-10-04 2.75 ConTeXt Lua libraries -- extended collection.
luaotfload | conf : Root cache directory is "/home/gabriel/.texlive2022/texmf-var/luatex-cache/generic/names".
luaotfload | init : Loading fontloader "fontloader-2022-10-03.lua" from kpse-resolved path "/usr/share/texlive/texmf-dist/tex/luatex/luaotfload/fontloader-2022-10-03.lua".
Lua-only attribute luaotfload@noligature = 1
luaotfload | init : Context OpenType loader version 3.120
Inserting `luaotfload.node_processor' in `pre_linebreak_filter'.
Inserting `luaotfload.node_processor' in `hpack_filter'.
Inserting `luaotfload.glyph_stream' in `glyph_stream_provider'.
Inserting `luaotfload.define_font' in `define_font'.
Lua-only attribute luaotfload_color_attribute = 2
luaotfload | conf : Root cache directory is "/home/gabriel/.texlive2022/texmf-var/luatex-cache/generic/names".
Inserting `luaotfload.harf.strip_prefix' in `find_opentype_file'.
Inserting `luaotfload.harf.strip_prefix' in `find_truetype_file'.
Removing  `luaotfload.glyph_stream' from `glyph_stream_provider'.
Inserting `luaotfload.harf.glyphstream' in `glyph_stream_provider'.
Inserting `luaotfload.harf.finalize_vlist' in `post_linebreak_filter'.
Inserting `luaotfload.harf.finalize_hlist' in `hpack_filter'.
Inserting `luaotfload.cleanup_files' in `wrapup_run'.
Inserting `luaotfload.harf.finalize_unicode' in `finish_pdffile'.
Inserting `luaotfload.glyphinfo' in `glyph_info'.
Lua-only attribute luaotfload.letterspace_done = 3
Inserting `luaotfload.aux.set_sscale_dimens' in `luaotfload.patch_font'.
Inserting `luaotfload.aux.set_font_index' in `luaotfload.patch_font'.
Inserting `luaotfload.aux.patch_cambria_domh' in `luaotfload.patch_font'.
Inserting `luaotfload.aux.fixup_fontdata' in `luaotfload.patch_font_unsafe'.
Inserting `luaotfload.aux.set_capheight' in `luaotfload.patch_font'.
Inserting `luaotfload.aux.set_xheight' in `luaotfload.patch_font'.
Inserting `luaotfload.rewrite_fontname' in `luaotfload.patch_font'. L3 programming layer <2023-01-16>
Inserting `tracingstacklevels' in `input_level_string'. (/usr/share/texlive/texmf-dist/tex/latex/abntex2/abntex2.cls
Document Class: abntex2 2018/11/24 v-1.9.7 abnTeX2
(/usr/share/texlive/texmf-dist/tex/latex/base/ifthen.sty
Package: ifthen 2022/04/13 v1.1d Standard LaTeX ifthen package (DPC)
) (/usr/share/texlive/texmf-dist/tex/latex/memoir/memoir.cls
Document Class: memoir 2022/11/17 v3.7.19 configurable book, report, article document class
(/usr/share/texlive/texmf-dist/tex/latex/etoolbox/etoolbox.sty
Package: etoolbox 2020/10/05 v2.5k e-TeX tools for LaTeX (JAW)
\etb@tempcnta=\count183
)
\onelineskip=\skip48
\lxvchars=\skip49
\xlvchars=\skip50
\@memcnta=\count184
\c@@memmarkcntra=\count185
 (/usr/share/texlive/texmf-dist/tex/generic/iftex/iftex.sty
Package: iftex 2022/02/03 v1.0f TeX engine tests
)
\stockheight=\dimen139
\stockwidth=\dimen140
\trimtop=\skip51
\trimedge=\skip52
 (/usr/share/texlive/texmf-dist/tex/latex/base/fleqn.clo
File: fleqn.clo 2016/12/29 v1.2b Standard LaTeX option (flush left equations)
\mathindent=\skip53
Applying: [2015/01/01] Make \[ robust on input line 50.
LaTeX Info: Redefining \[ on input line 51.
Already applied: [0000/00/00] Make \[ robust on input line 62.
Applying: [2015/01/01] Make \] robust on input line 74.
LaTeX Info: Redefining \] on input line 75.
Already applied: [0000/00/00] Make \] robust on input line 83.
) (/usr/share/texlive/texmf-dist/tex/latex/memoir/mem12.clo
File: mem12.clo 2022/07/29 v0.5 memoir class 12pt size option
luaotfload | db : Font names database loaded from /home/gabriel/.texlive2022/texmf-var/luatex-cache/generic/names/luaotfload-names.luc.gz)
\binding=\skip54
\spinemargin=\skip55
\foremargin=\skip56
\uppermargin=\skip57
\lowermargin=\skip58
\headdrop=\skip59
\normalrulethickness=\skip60
\mem@maxheadheight=\skip61
\mem@maxfootheight=\skip62
\headwidth=\skip63
\c@storedpagenumber=\count186
\memPD=\dimen141
\m@mabparskip=\skip64
\thanksmarkwidth=\skip65
\thanksmarksep=\skip66
\droptitle=\skip67
\c@book=\count187
\c@part=\count188
\c@chapter=\count189
\c@section=\count190
\c@subsection=\count191
\c@subsubsection=\count192
\c@paragraph=\count193
\c@subparagraph=\count194
\beforechapskip=\skip68
\midchapskip=\skip69
\afterchapskip=\skip70
\chapindent=\skip71
\bottomsectionskip=\skip72
\secindent=\skip73
\beforesecskip=\skip74
\aftersecskip=\skip75
\subsecindent=\skip76
\beforesubsecskip=\skip77
\aftersubsecskip=\skip78
\subsubsecindent=\skip79
\beforesubsubsecskip=\skip80
\aftersubsubsecskip=\skip81
\paraindent=\skip82
\beforeparaskip=\skip83
\afterparaskip=\skip84
\subparaindent=\skip85
\beforesubparaskip=\skip86
\aftersubparaskip=\skip87
\pfbreakskip=\skip88
\c@@ppsavesec=\count195
\c@@ppsaveapp=\count196
\ragrparindent=\dimen142
\everylistparindent=\dimen143
\parsepi=\skip89
\topsepi=\skip90
\itemsepi=\skip91
\parsepii=\skip92
\topsepii=\skip93
\topsepiii=\skip94
\itemsepii=\skip95
\itemsepiii=\skip96
\partopsepii=\skip97
\partopsepiii=\skip98
\m@msavetopsep=\skip99
\m@msavepartopsep=\skip100
\@enLab=\toks16
\abstitleskip=\skip101
\absleftindent=\skip102
\abs@leftindent=\dimen144
\absrightindent=\skip103
\absparindent=\skip104
\absparsep=\skip105
\c@vslineno=\count197
\c@poemline=\count198
\c@modulo@vs=\count199
\c@memfvsline=\count266
\vleftskip=\skip106
\vrightskip=\skip107
\stanzaskip=\skip108
\versewidth=\skip109
\vgap=\skip110
\vindent=\skip111
\vleftmargin=\dimen145
\c@verse=\count267
\c@chrsinstr=\count268
\beforepoemtitleskip=\skip112
\afterpoemtitleskip=\skip113
\c@poem=\count269
\beforePoemTitleskip=\skip114
\midPoemTitleskip=\skip115
\afterPoemTitleskip=\skip116
 (/usr/share/texlive/texmf-dist/tex/latex/tools/array.sty
Package: array 2022/09/04 v2.5g Tabular extension package (FMi)
\col@sep=\dimen146
\ar@mcellbox=\box51
\extrarowheight=\dimen147
\NC@list=\toks17
\extratabsurround=\skip117
\backup@length=\skip118
\ar@cellbox=\box52
) (/usr/share/texlive/texmf-dist/tex/latex/tools/dcolumn.sty
Package: dcolumn 2014/10/28 v1.06 decimal alignment package (DPC)
) (/usr/share/texlive/texmf-dist/tex/latex/tools/delarray.sty
Package: delarray 2014/10/28 v1.01 array delimiter package (DPC)
) (/usr/share/texlive/texmf-dist/tex/latex/tools/tabularx.sty
Package: tabularx 2020/01/15 v2.11c `tabularx' package (DPC)
\TX@col@width=\dimen148
\TX@old@table=\dimen149
\TX@old@col=\dimen150
\TX@target=\dimen151
\TX@delta=\dimen152
\TX@cols=\count270
\TX@ftn=\toks18
)
\heavyrulewidth=\dimen153
\lightrulewidth=\dimen154
\cmidrulewidth=\dimen155
\belowrulesep=\dimen156
\belowbottomsep=\dimen157
\aboverulesep=\dimen158
\abovetopsep=\dimen159
\cmidrulesep=\dimen160
\cmidrulekern=\dimen161
\defaultaddspace=\dimen162
\@cmidla=\count271
\@cmidlb=\count272
\@aboverulesep=\dimen163
\@belowrulesep=\dimen164
\@thisruleclass=\count273
\@lastruleclass=\count274
\@thisrulewidth=\dimen165
\ctableftskip=\skip119
\ctabrightskip=\skip120
\abovecolumnspenalty=\count275
\@linestogo=\count276
\@cellstogo=\count277
\@cellsincolumn=\count278
\crtok=\toks19
\@mincolumnwidth=\dimen166
\c@newflo@tctr=\count279
\mem@margin@floatbox=\box53
\@contcwidth=\skip121
\@contindw=\skip122
\abovecaptionskip=\skip123
\belowcaptionskip=\skip124
\subfloattopskip=\skip125
\subfloatcapskip=\skip126
\subfloatcaptopadj=\skip127
\subfloatbottomskip=\skip128
\subfloatlabelskip=\skip129
\subfloatcapmargin=\dimen167
\c@@contsubnum=\count280
\m@mscap@capbox=\box54
\m@mscap@fbox=\box55
\sidecapsep=\dimen168
\sidecapwidth=\dimen169
\m@m@tempdima=\dimen170
\m@mscapraise=\dimen171
\sidecapraise=\dimen172
\m@mscapmainwidth=\dimen173
\m@mscaplkern=\dimen174
\beforeepigraphskip=\skip130
\afterepigraphskip=\skip131
\epigraphwidth=\skip132
\epigraphrule=\skip133
LaTeX Info: Redefining \em on input line 7655.
LaTeX Info: Redefining \emph on input line 7663.
\tocentryskip=\skip134
\tocbaseline=\skip135
\cftparskip=\skip136
\cftbeforebookskip=\skip137
\cftbookindent=\dimen175
\cftbooknumwidth=\dimen176
\cftbeforepartskip=\skip138
\cftpartindent=\skip139
\cftpartnumwidth=\skip140
\cftbeforechapterskip=\skip141
\cftchapterindent=\skip142
\cftchapternumwidth=\skip143
\cftbeforesectionskip=\skip144
\cftsectionindent=\skip145
\cftsectionnumwidth=\skip146
\cftbeforesubsectionskip=\skip147
\cftsubsectionindent=\skip148
\cftsubsectionnumwidth=\skip149
\cftbeforesubsubsectionskip=\skip150
\cftsubsubsectionindent=\skip151
\cftsubsubsectionnumwidth=\skip152
\cftbeforeparagraphskip=\skip153
\cftparagraphindent=\skip154
\cftparagraphnumwidth=\skip155
\cftbeforesubparagraphskip=\skip156
\cftsubparagraphindent=\skip157
\cftsubparagraphnumwidth=\skip158
\prechapterprecisshift=\dimen177
\c@maxsecnumdepth=\count281
\bibindent=\dimen178
\bibitemsep=\skip159
\indexcolsep=\skip160
\indexrule=\skip161
\indexmarkstyle=\toks20
\@indexbox=\insert252
\glossarycolsep=\dimen179
\glossaryrule=\dimen180
\sideparvshift=\skip162
\sideins=\insert251
\sidebartopsep=\skip163
\sidebarhsep=\skip164
\sidebarvsep=\skip165
\sidebarwidth=\skip166
\footmarkwidth=\skip167
\footmarksep=\skip168
\footparindent=\skip169
\footinsdim=\skip170
\footinsv@r=\insert250
\@mpfootinsv@r=\insert249
\m@m@k=\count282
\m@m@h=\dimen181
\m@mipn@skip=\skip171
\sidefootins=\insert248
\sidefootadjust=\skip172
\sidefootheight=\skip173
\sidefoothsep=\skip174
\sidefootvsep=\skip175
\sidefootwidth=\skip176
\m@mdownsf=\skip177
\c@sidefootnote=\count283
\sidefootmarkwidth=\skip178
\sidefootmarksep=\skip179
\sidefootparindent=\skip180
\c@pagenote=\count284
\c@pagenoteshadow=\count285
\mem@pn@lastkern=\skip181
\every@verbatim=\toks21
\afterevery@verbatim=\toks22
\verbatim@line=\toks23
\tab@position=\count286
\verbatim@in@stream=\read2
\verbatimindent=\skip182
\verbatim@out=\write3
\bvboxsep=\skip183
\c@memfbvline=\count287
\c@bvlinectr=\count288
\bvnumlength=\skip184
\fb@frw=\dimen182
\fb@frh=\dimen183
\FrameRule=\dimen184
\FrameSep=\dimen185
\c@cp@cntr=\count289
\c@ism@mctr=\count290
\c@xsm@mctr=\count291
\c@csm@mctr=\count292
\c@ksm@mctr=\count293
\c@xksm@mctr=\count294
\c@cksm@mctr=\count295
\c@msm@mctr=\count296
\c@xmsm@mctr=\count297
\c@cmsm@mctr=\count298
\c@bsm@mctr=\count299
\c@workm@mctr=\count300
\c@sheetsequence=\count301
\c@lastsheet=\count302
\c@lastpage=\count303
 (/usr/share/texlive/texmf-dist/tex/latex/textcase/textcase.sty
Package: textcase 2022/07/10 v1.03 Text only upper/lower case changing (DPC)
Package textcase Info: Defining Legacy names on input line 20.
)
\c@figure=\count304
\c@lofdepth=\count305
\cftbeforefigureskip=\skip185
\cftfigureindent=\skip186
\cftfigurenumwidth=\skip187
\c@table=\count306
\c@lotdepth=\count307
\cftbeforetableskip=\skip188
\cfttableindent=\skip189
\cfttablenumwidth=\skip190
Package abstract [2008/07/23] emulated by memoir.
Package appendix [2008/07/23] emulated by memoir.
Package booktabs [2016/05/16] emulated by memoir.
Package ccaption [2008/07/23] emulated by memoir.
Package changepage [2008/07/23] emulated by memoir.
Package chngcntr [2008/07/23] emulated by memoir.
Package chngpage [2008/07/23] emulated by memoir.
Package crop emulated by memoir.
Package enumerate [2008/07/23] emulated by memoir.
Package epigraph [2008/07/23] emulated by memoir.
Package ifmtarg [2008/07/23] emulated by memoir.
Package index [2008/07/23] emulated by memoir.
Package makeidx [2008/07/23] emulated by memoir.
Package moreverb [2008/07/23] emulated by memoir.
Package needspace [2008/07/23] emulated by memoir.
Package newfile [2008/07/23] emulated by memoir.
Package nextpage [2008/07/23] emulated by memoir.
Package pagenote [2008/07/23] emulated by memoir.
Package parskip [2008/07/23] emulated by memoir.
Package patchcmd [2008/07/23] emulated by memoir.
Package setspace [2008/07/23] emulated by memoir.
Package shortvrb [2008/07/23] emulated by memoir.
Package showidx [2008/07/23] emulated by memoir.
Package titleref [2008/07/23] emulated by memoir.
Package titling [2008/07/23] emulated by memoir.
Package tocbibind [2008/07/23] emulated by memoir.
Package tocloft [2008/07/23] emulated by memoir.
Package tocvsec2 [2008/07/23] emulated by memoir.
Package verbatim [2008/07/23] emulated by memoir.
Package verse [2008/07/23] emulated by memoir.
) (/usr/share/texlive/texmf-dist/tex/latex/hyperref/hyperref.sty
Package: hyperref 2022-11-13 v7.00u Hypertext links for LaTeX
 (/usr/share/texlive/texmf-dist/tex/generic/ltxcmds/ltxcmds.sty
Package: ltxcmds 2020-05-10 v1.25 LaTeX kernel commands for general use (HO)
) (/usr/share/texlive/texmf-dist/tex/generic/pdftexcmds/pdftexcmds.sty
Package: pdftexcmds 2020-06-27 v0.33 Utility functions of pdfTeX for LuaTeX (HO)
 (/usr/share/texlive/texmf-dist/tex/generic/infwarerr/infwarerr.sty
Package: infwarerr 2019/12/03 v1.5 Providing info/warning/error messages (HO)
)
Package pdftexcmds Info: \pdf@primitive is available.
Package pdftexcmds Info: \pdf@ifprimitive is available.
Package pdftexcmds Info: \pdfdraftmode found.
\pdftexcmds@toks=\toks24
) (/usr/share/texlive/texmf-dist/tex/latex/graphics/keyval.sty
Package: keyval 2022/05/29 v1.15 key=value parser (DPC)
\KV@toks@=\toks25
) (/usr/share/texlive/texmf-dist/tex/latex/kvsetkeys/kvsetkeys.sty
Package: kvsetkeys 2022-10-05 v1.19 Key value parser (HO)
) (/usr/share/texlive/texmf-dist/tex/generic/kvdefinekeys/kvdefinekeys.sty
Package: kvdefinekeys 2019-12-19 v1.6 Define keys (HO)
) (/usr/share/texlive/texmf-dist/tex/generic/pdfescape/pdfescape.sty
Package: pdfescape 2019/12/09 v1.15 Implements pdfTeX's escape features (HO)
) (/usr/share/texlive/texmf-dist/tex/latex/hycolor/hycolor.sty
Package: hycolor 2020-01-27 v1.10 Color options for hyperref/bookmark (HO)
) (/usr/share/texlive/texmf-dist/tex/latex/letltxmacro/letltxmacro.sty
Package: letltxmacro 2019/12/03 v1.6 Let assignment for LaTeX macros (HO)
) (/usr/share/texlive/texmf-dist/tex/latex/auxhook/auxhook.sty
Package: auxhook 2019-12-17 v1.6 Hooks for auxiliary files (HO)
) (/usr/share/texlive/texmf-dist/tex/latex/hyperref/nameref.sty
Package: nameref 2022-05-17 v2.50 Cross-referencing by name of section
 (/usr/share/texlive/texmf-dist/tex/latex/refcount/refcount.sty
Package: refcount 2019/12/15 v3.6 Data extraction from label references (HO)
) (/usr/share/texlive/texmf-dist/tex/generic/gettitlestring/gettitlestring.sty
Package: gettitlestring 2019/12/15 v1.6 Cleanup title references (HO)
 (/usr/share/texlive/texmf-dist/tex/latex/kvoptions/kvoptions.sty
Package: kvoptions 2022-06-15 v3.15 Key value format for package options (HO)
))
\c@section@level=\count308
)
\@linkdim=\dimen186
\Hy@linkcounter=\count309
\Hy@pagecounter=\count310
 (/usr/share/texlive/texmf-dist/tex/latex/hyperref/pd1enc.def
File: pd1enc.def 2022-11-13 v7.00u Hyperref: PDFDocEncoding definition (HO)
) (/usr/share/texlive/texmf-dist/tex/generic/intcalc/intcalc.sty
Package: intcalc 2019/12/15 v1.3 Expandable calculations with integers (HO)
) (/usr/share/texlive/texmf-dist/tex/generic/etexcmds/etexcmds.sty
Package: etexcmds 2019/12/15 v1.7 Avoid name clashes with e-TeX commands (HO)
)
\Hy@SavedSpaceFactor=\count311
 (/usr/share/texlive/texmf-dist/tex/latex/hyperref/puenc.def
File: puenc.def 2022-11-13 v7.00u Hyperref: PDF Unicode definition (HO)
)
Package hyperref Info: Hyper figures OFF on input line 4162.
Package hyperref Info: Link nesting OFF on input line 4167.
Package hyperref Info: Hyper index ON on input line 4170.
Package hyperref Info: Plain pages OFF on input line 4177.
Package hyperref Info: Backreferencing OFF on input line 4182.
Package hyperref Info: Implicit mode ON; LaTeX internals redefined.
Package hyperref Info: Bookmarks ON on input line 4410.
\c@Hy@tempcnt=\count312
 (/usr/share/texlive/texmf-dist/tex/latex/url/url.sty
\Urlmuskip=\muskip16
Package: url 2013/09/16  ver 3.4  Verb mode for urls, etc.
)
LaTeX Info: Redefining \url on input line 4748.
\XeTeXLinkMargin=\dimen187
 (/usr/share/texlive/texmf-dist/tex/generic/bitset/bitset.sty
Package: bitset 2019/12/09 v1.3 Handle bit-vector datatype (HO)
 (/usr/share/texlive/texmf-dist/tex/generic/bigintcalc/bigintcalc.sty
Package: bigintcalc 2019/12/15 v1.5 Expandable calculations on big integers (HO)
))
\Fld@menulength=\count313
\Field@Width=\dimen188
\Fld@charsize=\dimen189
Package hyperref Info: Hyper figures OFF on input line 6027.
Package hyperref Info: Link nesting OFF on input line 6032.
Package hyperref Info: Hyper index ON on input line 6035.
Package hyperref Info: backreferencing OFF on input line 6042.
Package hyperref Info: Link coloring OFF on input line 6047.
Package hyperref Info: Link coloring with OCG OFF on input line 6052.
Package hyperref Info: PDF/A mode OFF on input line 6057.
 (/usr/share/texlive/texmf-dist/tex/latex/base/atbegshi-ltx.sty
Package: atbegshi-ltx 2021/01/10 v1.0c Emulation of the original atbegshi
package with kernel methods
)
\Hy@abspage=\count314
\c@Item=\count315
\c@Hfootnote=\count316
)
Package hyperref Info: Driver (autodetected): hluatex.
 (/usr/share/texlive/texmf-dist/tex/latex/hyperref/hluatex.def
File: hluatex.def 2022-11-13 v7.00u Hyperref driver for luaTeX
 (/usr/share/texlive/texmf-dist/tex/generic/stringenc/stringenc.sty
Package: stringenc 2019/11/29 v1.12 Convert strings between diff. encodings (HO)
) (/usr/share/texlive/texmf-dist/tex/latex/base/atveryend-ltx.sty
Package: atveryend-ltx 2020/08/19 v1.0a Emulation of the original atveryend package
with kernel methods
)
\Fld@listcount=\count317
\c@bookmark@seq@number=\count318
 (/usr/share/texlive/texmf-dist/tex/latex/rerunfilecheck/rerunfilecheck.sty
Package: rerunfilecheck 2022-07-10 v1.10 Rerun checks for auxiliary files (HO)
 (/usr/share/texlive/texmf-dist/tex/generic/uniquecounter/uniquecounter.sty
Package: uniquecounter 2019/12/15 v1.4 Provide unlimited unique counter (HO)
)
Package uniquecounter Info: New unique counter `rerunfilecheck' on input line 285.
)
\Hy@SectionHShift=\skip191
) (/usr/share/texlive/texmf-dist/tex/latex/memoir/memhfixc.sty
Package: memhfixc 2022/11/17 v1.20 nameref/hyperref package fixes for memoir class

Redoing nameref's sectioning
Redoing nameref's label
LaTeX Info: Redefining \nameref on input line 106.
\c@memhycontfloat=\count319
\c@Hpagenote=\count320
) (/usr/share/texlive/texmf-dist/tex/latex/bookmark/bookmark.sty
Package: bookmark 2020-11-06 v1.29 PDF bookmarks (HO)
 (/usr/share/texlive/texmf-dist/tex/latex/bookmark/bkm-pdftex.def
File: bkm-pdftex.def 2020-11-06 v1.29 bookmark driver for pdfTeX (HO)
\BKM@id=\count321
)) (/usr/share/texlive/texmf-dist/tex/generic/babel/babel.sty
Package: babel 2022/12/26 3.84 The Babel package
 (/usr/share/texlive/texmf-dist/tex/generic/babel/luababel.def
\bbl@readstream=\read3
\l@dumylang=\language2
Package babel Info: Non-standard hyphenation setup on input line 118.
\l@nohyphenation=\language3
\l@serbianc=\language4
\l@hungarian=\language5
\l@schoolfinnish=\language6
\l@interlingua=\language7
\l@hindi=\language8
\l@swissgerman=\language9
\l@italian=\language10
\l@belarusian=\language11
\l@bulgarian=\language12
\l@monogreek=\language13
\l@marathi=\language14
\l@mongolianlmc=\language15
\l@dutch=\language16
\l@catalan=\language17
\l@classiclatin=\language18
\l@turkish=\language19
\l@panjabi=\language20
\l@georgian=\language21
\l@czech=\language22
\l@latvian=\language23
\l@liturgicallatin=\language24
\l@telugu=\language25
\l@coptic=\language26
\l@basque=\language27
\l@russian=\language28
\l@malayalam=\language29
\l@pali=\language30
\l@armenian=\language31
\l@slovak=\language32
\l@occitan=\language33
\l@arabic=\language34
\l@german=\language35
\l@ancientgreek=\language36
\l@usenglishmax=\language37
\l@danish=\language38
\l@lithuanian=\language39
\l@welsh=\language40
\l@irish=\language41
\l@estonian=\language42
\l@assamese=\language43
\l@farsi=\language44
\l@ukrainian=\language45
\l@turkmen=\language46
\l@afrikaans=\language47
\l@ngerman-x-2022-03-16=\language48
\l@finnish=\language49
\l@kannada=\language50
\l@slovenian=\language51
\l@gujarati=\language52
\l@kurmanji=\language53
\l@galician=\language54
\l@churchslavonic=\language55
\l@nynorsk=\language56
\l@mongolian=\language57
\l@ukenglish=\language58
\l@bokmal=\language59
\l@romansh=\language60
\l@latin=\language61
\l@serbian=\language62
\l@polish=\language63
\l@portuguese=\language64
\l@spanish=\language65
\l@romanian=\language66
\l@swedish=\language67
\l@pinyin=\language68
\l@friulan=\language69
\l@ethiopic=\language70
\l@piedmontese=\language71
\l@uppersorbian=\language72
\l@croatian=\language73
\l@thai=\language74
\l@macedonian=\language75
\l@oriya=\language76
\l@ibycus=\language77
\l@ngerman=\language78
\l@german-x-2022-03-16=\language79
\l@esperanto=\language80
\l@indonesian=\language81
\l@french=\language82
\l@bengali=\language83
\l@sanskrit=\language84
\l@icelandic=\language85
\l@greek=\language86
\l@tamil=\language87
\babelcatcodetablenum=\catcodetable12
\bbl@pattcodes=\catcodetable13
)
\babel@savecnt=\count322
\U@D=\dimen190
\l@unhyphenated=\language88
 (/usr/share/texlive/texmf-dist/tex/generic/babel/luababel.def
\bbl@attr@locale=\attribute4
) (/usr/share/texlive/texmf-dist/tex/generic/babel-english/english.ldf
Language: english 2017/06/06 v3.3r English support from the babel system
Package babel Info: Hyphen rules for 'canadian' set to \l@english
(babel)             (\language0). Reported on input line 102.
Package babel Info: Hyphen rules for 'australian' set to \l@ukenglish
(babel)             (\language58). Reported on input line 105.
Package babel Info: Hyphen rules for 'newzealand' set to \l@ukenglish
(babel)             (\language58). Reported on input line 108.
) (/usr/share/texlive/texmf-dist/tex/generic/babel-portuges/brazil.ldf
Language: portuges 2021/07/09 v1.2t Portuguese support from the babel system
Package babel Info: Hyphen rules for 'brazil' set to \l@portuguese
(babel)             (\language64). Reported on input line 111.
Package babel Info: Making " an active character on input line 143.
 (/usr/share/texlive/texmf-dist/tex/generic/hyph-utf8/loadhyph/loadhyph-pt.tex UTF-8 Portuguese hyphenation patterns (/usr/share/texlive/texmf-dist/tex/generic/hyph-utf8/patterns/tex/hyph-pt.tex)))) (/usr/share/texlive/texmf-dist/tex/generic/babel/locale/en/babel-english.tex
Package babel Info: Importing font and identification data for english
(babel)             from babel-en.ini. Reported on input line 11.
) (/usr/share/texlive/texmf-dist/tex/latex/enumitem/enumitem.sty
Package: enumitem 2019/06/20 v3.9 Customized lists
\labelindent=\skip192
\enit@outerparindent=\dimen191
\enit@toks=\toks26
\enit@inbox=\box56
\enit@count@id=\count323
\enitdp@description=\count324
) (/usr/share/texlive/texmf-dist/tex/latex/tools/calc.sty
Package: calc 2017/05/25 v4.3 Infix arithmetic (KKT,FJ)
\calc@Acount=\count325
\calc@Bcount=\count326
\calc@Adimen=\dimen192
\calc@Bdimen=\dimen193
\calc@Askip=\skip193
\calc@Bskip=\skip194
LaTeX Info: Redefining \setlength on input line 80.
LaTeX Info: Redefining \addtolength on input line 81.
\calc@Ccount=\count327
\calc@Cskip=\skip195
)

******************************************************
Stock height and width: 845.04684pt by 597.50787pt
Top and edge trims: 0pt and 0pt
Page height and width: 845.04684pt by 597.50787pt
Text height and width: 708pt by 455pt
Spine and edge margins: 85.35826pt and 56.9055pt
Upper and lower margins: 85.35826pt and 51.68858pt
Headheight and headsep: 14.5pt and 19.8738pt
Footskip: 30pt
Columnsep and columnseprule: 10pt and 0pt
Marginparsep and marginparwidth: 7pt and 42.9055pt
Sidecapsep and sidecapwidth: 7pt and 92pt
Sidebarhsep and sidebarwidth: 7pt and 92pt
Sidebarvsep and sidebartopsep: 14.5pt and 0pt
Sidebarheight: 590.14995pt
Sidefoothsep and sidefootwidth: 7pt and 92pt
Sidefootvsep and sidefootheight: 14.5pt and 590.14995pt
******************************************************

\c@abntex@bookmarkcounter=\count328
\cftlastnumwidth=\skip196
\chapternamenumlength=\skip197
\ABNTEXcitacaorecuo=\skip198
\c@alineasi=\count329
\c@alineasii=\count330
\enitdp@alineas=\count331
\c@subalineasi=\count332
\enitdp@subalineas=\count333
\c@incisosi=\count334
\enitdp@incisos=\count335
\ABNTEXsignwidth=\skip199
\ABNTEXsignthickness=\skip256
\ABNTEXsignskip=\skip257
) (./configs.tex (/usr/share/texlive/texmf-dist/tex/latex/amsmath/amsmath.sty
Package: amsmath 2022/04/08 v2.17n AMS math features
\@mathmargin=\skip258

For additional information on amsmath, use the `?' option.
(/usr/share/texlive/texmf-dist/tex/latex/amsmath/amstext.sty
Package: amstext 2021/08/26 v2.01 AMS text
 (/usr/share/texlive/texmf-dist/tex/latex/amsmath/amsgen.sty
File: amsgen.sty 1999/11/30 v2.0 generic functions
\@emptytoks=\toks27
\ex@=\dimen194
)) (/usr/share/texlive/texmf-dist/tex/latex/amsmath/amsbsy.sty
Package: amsbsy 1999/11/29 v1.2d Bold Symbols
\pmbraise@=\dimen195
) (/usr/share/texlive/texmf-dist/tex/latex/amsmath/amsopn.sty
Package: amsopn 2022/04/08 v2.04 operator names
)
\inf@bad=\count336
LaTeX Info: Redefining \frac on input line 236.
\uproot@=\count337
\leftroot@=\count338
LaTeX Info: Redefining \overline on input line 399.
LaTeX Info: Redefining \colon on input line 410.
\classnum@=\count339
\DOTSCASE@=\count340
LaTeX Info: Redefining \ldots on input line 496.
LaTeX Info: Redefining \dots on input line 499.
LaTeX Info: Redefining \cdots on input line 620.
\Mathstrutbox@=\box57
\strutbox@=\box58
LaTeX Info: Redefining \big on input line 722.
LaTeX Info: Redefining \Big on input line 723.
LaTeX Info: Redefining \bigg on input line 724.
LaTeX Info: Redefining \Bigg on input line 725.
\big@size=\dimen196
LaTeX Font Info:    Redeclaring font encoding OML on input line 743.
LaTeX Font Info:    Redeclaring font encoding OMS on input line 744.
\macc@depth=\count341
LaTeX Info: Redefining \bmod on input line 905.
LaTeX Info: Redefining \pmod on input line 910.
LaTeX Info: Redefining \smash on input line 940.
LaTeX Info: Redefining \relbar on input line 970.
LaTeX Info: Redefining \Relbar on input line 971.
\c@MaxMatrixCols=\count342
\dotsspace@=\muskip17
\c@parentequation=\count343
\dspbrk@lvl=\count344
\tag@help=\toks28
\row@=\count345
\column@=\count346
\maxfields@=\count347
\andhelp@=\toks29
\eqnshift@=\dimen197
\alignsep@=\dimen198
\tagshift@=\dimen199
\tagwidth@=\dimen256
\totwidth@=\dimen257
\lineht@=\dimen258
\@envbody=\toks30
\multlinegap=\skip259
\multlinetaggap=\skip260
\mathdisplay@stack=\toks31
LaTeX Info: Redefining \[ on input line 2953.
LaTeX Info: Redefining \] on input line 2954.
) (/usr/share/texlive/texmf-dist/tex/latex/amsfonts/amsfonts.sty
Package: amsfonts 2013/01/14 v3.01 Basic AMSFonts support
\symAMSa=\mathgroup4
\symAMSb=\mathgroup5
LaTeX Font Info:    Redeclaring math symbol \hbar on input line 98.
LaTeX Font Info:    Overwriting math alphabet `\mathfrak' in version `bold'
(Font)                  U/euf/m/n --> U/euf/b/n on input line 106.
) (/usr/share/texlive/texmf-dist/tex/latex/amsfonts/amssymb.sty
Package: amssymb 2013/01/14 v3.01 AMS font symbols
) (/usr/share/texlive/texmf-dist/tex/latex/amscls/amsthm.sty
Package: amsthm 2020/05/29 v2.20.6
\thm@style=\toks32
\thm@bodyfont=\toks33
\thm@headfont=\toks34
\thm@notefont=\toks35
\thm@headpunct=\toks36
\thm@preskip=\skip261
\thm@postskip=\skip262
\thm@headsep=\skip263
\dth@everypar=\toks37
) (/usr/share/texmf/tex/latex/lm/lmodern.sty
Package: lmodern 2015/05/01 v1.6.1 Latin Modern Fonts
LaTeX Font Info:    Overwriting symbol font `operators' in version `normal'
(Font)                  OT1/cmr/m/n --> OT1/lmr/m/n on input line 22.
LaTeX Font Info:    Overwriting symbol font `letters' in version `normal'
(Font)                  OML/cmm/m/it --> OML/lmm/m/it on input line 23.
LaTeX Font Info:    Overwriting symbol font `symbols' in version `normal'
(Font)                  OMS/cmsy/m/n --> OMS/lmsy/m/n on input line 24.
LaTeX Font Info:    Overwriting symbol font `largesymbols' in version `normal'
(Font)                  OMX/cmex/m/n --> OMX/lmex/m/n on input line 25.
LaTeX Font Info:    Overwriting symbol font `operators' in version `bold'
(Font)                  OT1/cmr/bx/n --> OT1/lmr/bx/n on input line 26.
LaTeX Font Info:    Overwriting symbol font `letters' in version `bold'
(Font)                  OML/cmm/b/it --> OML/lmm/b/it on input line 27.
LaTeX Font Info:    Overwriting symbol font `symbols' in version `bold'
(Font)                  OMS/cmsy/b/n --> OMS/lmsy/b/n on input line 28.
LaTeX Font Info:    Overwriting symbol font `largesymbols' in version `bold'
(Font)                  OMX/cmex/m/n --> OMX/lmex/m/n on input line 29.
LaTeX Font Info:    Overwriting math alphabet `\mathbf' in version `normal'
(Font)                  OT1/cmr/bx/n --> OT1/lmr/bx/n on input line 31.
LaTeX Font Info:    Overwriting math alphabet `\mathsf' in version `normal'
(Font)                  OT1/cmss/m/n --> OT1/lmss/m/n on input line 32.
LaTeX Font Info:    Overwriting math alphabet `\mathit' in version `normal'
(Font)                  OT1/cmr/m/it --> OT1/lmr/m/it on input line 33.
LaTeX Font Info:    Overwriting math alphabet `\mathtt' in version `normal'
(Font)                  OT1/cmtt/m/n --> OT1/lmtt/m/n on input line 34.
LaTeX Font Info:    Overwriting math alphabet `\mathbf' in version `bold'
(Font)                  OT1/cmr/bx/n --> OT1/lmr/bx/n on input line 35.
LaTeX Font Info:    Overwriting math alphabet `\mathsf' in version `bold'
(Font)                  OT1/cmss/bx/n --> OT1/lmss/bx/n on input line 36.
LaTeX Font Info:    Overwriting math alphabet `\mathit' in version `bold'
(Font)                  OT1/cmr/bx/it --> OT1/lmr/bx/it on input line 37.
LaTeX Font Info:    Overwriting math alphabet `\mathtt' in version `bold'
(Font)                  OT1/cmtt/m/n --> OT1/lmtt/m/n on input line 38.
) (/usr/share/texlive/texmf-dist/tex/latex/graphics/graphicx.sty
Package: graphicx 2021/09/16 v1.2d Enhanced LaTeX Graphics (DPC,SPQR)
 (/usr/share/texlive/texmf-dist/tex/latex/graphics/graphics.sty
Package: graphics 2022/03/10 v1.4e Standard LaTeX Graphics (DPC,SPQR)
 (/usr/share/texlive/texmf-dist/tex/latex/graphics/trig.sty
Package: trig 2021/08/11 v1.11 sin cos tan (DPC)
) (/usr/share/texlive/texmf-dist/tex/latex/graphics-cfg/graphics.cfg
File: graphics.cfg 2016/06/04 v1.11 sample graphics configuration
)
Package graphics Info: Driver file: luatex.def on input line 107.
 (/usr/share/texlive/texmf-dist/tex/latex/graphics-def/luatex.def
File: luatex.def 2022/09/22 v1.2d Graphics/color driver for luatex
))
\Gin@req@height=\dimen259
\Gin@req@width=\dimen260
) (/usr/share/texlive/texmf-dist/tex/latex/svg/svg.sty
Package: svg 2020/11/26 v2.02k (include SVG pictures)
 (/usr/share/texlive/texmf-dist/tex/latex/koma-script/scrbase.sty
Package: scrbase 2022/10/12 v3.38 KOMA-Script package (KOMA-Script-independent basics and keyval usage)
 (/usr/share/texlive/texmf-dist/tex/latex/koma-script/scrlfile.sty
Package: scrlfile 2022/10/12 v3.38 KOMA-Script package (file load hooks)
 (/usr/share/texlive/texmf-dist/tex/latex/koma-script/scrlfile-hook.sty
Package: scrlfile-hook 2022/10/12 v3.38 KOMA-Script package (using LaTeX hooks)
 (/usr/share/texlive/texmf-dist/tex/latex/koma-script/scrlogo.sty
Package: scrlogo 2022/10/12 v3.38 KOMA-Script package (logo)
)))
Applying: [2021/05/01] Usage of raw or classic option list on input line 252.
Already applied: [0000/00/00] Usage of raw or classic option list on input line 368.
) (/usr/share/texlive/texmf-dist/tex/latex/trimspaces/trimspaces.sty
Package: trimspaces 2009/09/17 v1.1 Trim spaces around a token list
) (/usr/share/texlive/texmf-dist/tex/latex/tools/shellesc.sty
Package: shellesc 2019/11/08 v1.0c unified shell escape interface for LaTeX
Package shellesc Info: Unrestricted shell escape enabled on input line 75.
) (/usr/share/texlive/texmf-dist/tex/latex/ifplatform/ifplatform.sty
Package: ifplatform 2017/10/13 v0.4a Testing for the operating system
 (/usr/share/texlive/texmf-dist/tex/generic/catchfile/catchfile.sty
Package: catchfile 2019/12/09 v1.8 Catch the contents of a file (HO)
) (/usr/share/texlive/texmf-dist/tex/generic/iftex/ifluatex.sty
Package: ifluatex 2019/10/25 v1.5 ifluatex legacy package. Use iftex instead.
)
runsystem(uname -s > "neural_network.w18")...executed
 (./neural_network.w18)
runsystem(rm -- "neural_network.w18")...executed
)
\c@svg@param@lastpage=\count348
\svg@box=\box59
\c@svg@param@currpage=\count349
) (/usr/share/texlive/texmf-dist/tex/latex/xcolor/xcolor.sty
Package: xcolor 2022/06/12 v2.14 LaTeX color extensions (UK)
 (/usr/share/texlive/texmf-dist/tex/latex/graphics-cfg/color.cfg
File: color.cfg 2016/01/02 v1.6 sample color configuration
)
Package xcolor Info: Driver file: luatex.def on input line 227.
 (/usr/share/texlive/texmf-dist/tex/latex/graphics/mathcolor.ltx)
Package xcolor Info: Model `cmy' substituted by `cmy0' on input line 1353.
Package xcolor Info: Model `hsb' substituted by `rgb' on input line 1357.
Package xcolor Info: Model `RGB' extended on input line 1369.
Package xcolor Info: Model `HTML' substituted by `rgb' on input line 1371.
Package xcolor Info: Model `Hsb' substituted by `hsb' on input line 1372.
Package xcolor Info: Model `tHsb' substituted by `hsb' on input line 1373.
Package xcolor Info: Model `HSB' substituted by `hsb' on input line 1374.
Package xcolor Info: Model `Gray' substituted by `gray' on input line 1375.
Package xcolor Info: Model `wave' substituted by `hsb' on input line 1376.
) (/usr/share/texlive/texmf-dist/tex/latex/transparent/transparent.sty
Package: transparent 2022-10-27 v1.5 Transparency with color stacks
 (/usr/share/texlive/texmf-dist/tex/latex/transparent/transparent-nometadata.sty
Package: transparent-nometadata 2022-10-27 v1.5 Transparency via pdfTeX's color stack (HO)
)) (/usr/share/texlive/texmf-dist/tex/latex/pgf/systemlayer/pgfsys.sty (/usr/share/texlive/texmf-dist/tex/latex/pgf/utilities/pgfrcs.sty (/usr/share/texlive/texmf-dist/tex/generic/pgf/utilities/pgfutil-common.tex
\pgfutil@everybye=\toks38
\pgfutil@tempdima=\dimen261
\pgfutil@tempdimb=\dimen262
) (/usr/share/texlive/texmf-dist/tex/generic/pgf/utilities/pgfutil-latex.def
\pgfutil@abb=\box60
) (/usr/share/texlive/texmf-dist/tex/generic/pgf/utilities/pgfrcs.code.tex (/usr/share/texlive/texmf-dist/tex/generic/pgf/pgf.revision.tex)
Package: pgfrcs 2023-01-15 v3.1.10 (3.1.10)
)) (/usr/share/texlive/texmf-dist/tex/generic/pgf/systemlayer/pgfsys.code.tex
Package: pgfsys 2023-01-15 v3.1.10 (3.1.10)
 (/usr/share/texlive/texmf-dist/tex/generic/pgf/utilities/pgfkeys.code.tex
\pgfkeys@pathtoks=\toks39
\pgfkeys@temptoks=\toks40
 (/usr/share/texlive/texmf-dist/tex/generic/pgf/utilities/pgfkeyslibraryfiltered.code.tex
\pgfkeys@tmptoks=\toks41
))
\pgf@x=\dimen263
\pgf@y=\dimen264
\pgf@xa=\dimen265
\pgf@ya=\dimen266
\pgf@xb=\dimen267
\pgf@yb=\dimen268
\pgf@xc=\dimen269
\pgf@yc=\dimen270
\pgf@xd=\dimen271
\pgf@yd=\dimen272
\w@pgf@writea=\write4
\r@pgf@reada=\read4
\c@pgf@counta=\count350
\c@pgf@countb=\count351
\c@pgf@countc=\count352
\c@pgf@countd=\count353
\t@pgf@toka=\toks42
\t@pgf@tokb=\toks43
\t@pgf@tokc=\toks44
\pgf@sys@id@count=\count354
 (/usr/share/texlive/texmf-dist/tex/generic/pgf/systemlayer/pgf.cfg
File: pgf.cfg 2023-01-15 v3.1.10 (3.1.10)
)
Driver file for pgf: pgfsys-luatex.def
 (/usr/share/texlive/texmf-dist/tex/generic/pgf/systemlayer/pgfsys-luatex.def
File: pgfsys-luatex.def 2023-01-15 v3.1.10 (3.1.10)
 (/usr/share/texlive/texmf-dist/tex/generic/pgf/systemlayer/pgfsys-common-pdf.def
File: pgfsys-common-pdf.def 2023-01-15 v3.1.10 (3.1.10)
))) (/usr/share/texlive/texmf-dist/tex/generic/pgf/systemlayer/pgfsyssoftpath.code.tex
File: pgfsyssoftpath.code.tex 2023-01-15 v3.1.10 (3.1.10)
\pgfsyssoftpath@smallbuffer@items=\count355
\pgfsyssoftpath@bigbuffer@items=\count356
) (/usr/share/texlive/texmf-dist/tex/generic/pgf/systemlayer/pgfsysprotocol.code.tex
File: pgfsysprotocol.code.tex 2023-01-15 v3.1.10 (3.1.10)
)) (/usr/share/texlive/texmf-dist/tex/latex/siunitx/siunitx.sty
Package: siunitx 2023-01-03 v3.2.0 A comprehensive (SI) units package
\l__siunitx_angle_tmp_dim=\dimen273
\l__siunitx_angle_marker_box=\box61
\l__siunitx_angle_unit_box=\box62
\l__siunitx_compound_count_int=\count357
 (/usr/share/texlive/texmf-dist/tex/latex/translations/translations.sty
Package: translations 2022/02/05 v1.12 internationalization of LaTeX2e packages (CN)
)
\l__siunitx_number_exponent_fixed_int=\count358
\l__siunitx_number_min_decimal_int=\count359
\l__siunitx_number_min_integer_int=\count360
\l__siunitx_number_round_precision_int=\count361
\l__siunitx_number_lower_threshold_int=\count362
\l__siunitx_number_upper_threshold_int=\count363
\l__siunitx_number_group_first_int=\count364
\l__siunitx_number_group_size_int=\count365
\l__siunitx_number_group_minimum_int=\count366
\l__siunitx_table_tmp_box=\box63
\l__siunitx_table_tmp_dim=\dimen274
\l__siunitx_table_column_width_dim=\dimen275
\l__siunitx_table_integer_box=\box64
\l__siunitx_table_decimal_box=\box65
\l__siunitx_table_uncert_box=\box66
\l__siunitx_table_before_box=\box67
\l__siunitx_table_after_box=\box68
\l__siunitx_table_before_dim=\dimen276
\l__siunitx_table_carry_dim=\dimen277
\l__siunitx_unit_tmp_int=\count367
\l__siunitx_unit_position_int=\count368
\l__siunitx_unit_total_int=\count369
) (/usr/share/texlive/texmf-dist/tex/latex/caption/subcaption.sty
Package: subcaption 2022/01/07 v1.5 Sub-captions (AR)
 (/usr/share/texlive/texmf-dist/tex/latex/caption/caption.sty
Package: caption 2022/03/01 v3.6b Customizing captions (AR)
 (/usr/share/texlive/texmf-dist/tex/latex/caption/caption3.sty
Package: caption3 2022/03/17 v2.3b caption3 kernel (AR)
\caption@tempdima=\dimen278
\captionmargin=\dimen279
\caption@leftmargin=\dimen280
\caption@rightmargin=\dimen281
\caption@width=\dimen282
\caption@indent=\dimen283
\caption@parindent=\dimen284
\caption@hangindent=\dimen285
Package caption Info: memoir document class detected.
 (/usr/share/texlive/texmf-dist/tex/latex/caption/caption-memoir.sto
File: caption-memoir.sto 2022/03/02 v2.2b Adaption of the caption package to the memoir document class (AR)
))
\c@caption@flags=\count370
\c@continuedfloat=\count371
Package caption Info: changepage package is loaded.
\caption@adjustwidth@hsize=\dimen286
\caption@adjustwidth@linewidth=\dimen287
Package caption Info: hyperref package is loaded.
)
\c@subfigure=\count372
\c@subtable=\count373
) (/usr/share/texlive/texmf-dist/tex/latex/microtype/microtype.sty
Package: microtype 2022/06/23 v3.0f Micro-typographical refinements (RS)
\MT@toks=\toks45
\MT@tempbox=\box69
\MT@count=\count374
LaTeX Info: Redefining \noprotrusionifhmode on input line 1045.
LaTeX Info: Redefining \leftprotrusion on input line 1046.
LaTeX Info: Redefining \rightprotrusion on input line 1056.
LaTeX Info: Redefining \textls on input line 1234.
\MT@outer@kern=\dimen288
LaTeX Info: Redefining \textmicrotypecontext on input line 1858.
\MT@listname@count=\count375
 (/usr/share/texlive/texmf-dist/tex/latex/microtype/microtype-luatex.def
File: microtype-luatex.def 2022/06/23 v3.0f Definitions specific to luatex (RS)
Lua module: microtype 2022/06/23 3.0f microtype module.
Module microtype Info: overwriting function `keepligature' on input line 63
LaTeX Info: Redefining \lsstyle on input line 686.
LaTeX Info: Redefining \lslig on input line 686.
\MT@outer@space=\skip264
)
Package microtype Info: Loading configuration file microtype.cfg.
 (/usr/share/texlive/texmf-dist/tex/latex/microtype/microtype.cfg
File: microtype.cfg 2022/06/23 v3.0f microtype main configuration file (RS)
)) (/usr/share/texlive/texmf-dist/tex/latex/tools/indentfirst.sty
Package: indentfirst 1995/11/23 v1.03 Indent first paragraph (DPC)
) (/usr/share/texlive/texmf-dist/tex/latex/tabularray/tabularray.sty (/usr/share/texlive/texmf-dist/tex/latex/l3kernel/expl3.sty
Package: expl3 2023-01-16 L3 programming layer (loader) 
 (/usr/share/texlive/texmf-dist/tex/latex/l3backend/l3backend-luatex.def
File: l3backend-luatex.def 2023-01-16 L3 backend support: PDF output (LuaTeX)
\l__color_backend_stack_int=\count376
\l__pdf_internal_box=\box70
))
Package: tabularray 2022-11-01 v2022D Typeset tabulars and arrays with LaTeX3
\l__tblr_a_int=\count377
\l__tblr_c_int=\count378
\l__tblr_r_int=\count379
\l__tblr_d_dim=\dimen289
\l__tblr_h_dim=\dimen290
\l__tblr_o_dim=\dimen291
\l__tblr_p_dim=\dimen292
\l__tblr_q_dim=\dimen293
\l__tblr_r_dim=\dimen294
\l__tblr_s_dim=\dimen295
\l__tblr_t_dim=\dimen296
\l__tblr_v_dim=\dimen297
\l__tblr_w_dim=\dimen298
\l__tblr_a_box=\box71
\l__tblr_b_box=\box72
\l__tblr_c_box=\box73
\l__tblr_d_box=\box74
\g__tblr_table_count_int=\count380
\c@rownum=\count381
\c@colnum=\count382
\c@rowcount=\count383
\c@colcount=\count384
\abovesep=\dimen299
\belowsep=\dimen300
\leftsep=\dimen301
\rightsep=\dimen302
\g_tblr_level_int=\count385
\g__tblr_data_row_key_count_int=\count386
\g__tblr_data_column_key_count_int=\count387
\g__tblr_data_cell_key_count_int=\count388
\g__tblr_array_int=\count389
\l__tblr_key_count_int=\count390
\l__tblr_key_quotient_int=\count391
\l__tblr_key_quotient_two_int=\count392
\l__tblr_key_remainder_int=\count393
\g__tblr_data_str_value_count_int=\count394
\rulewidth=\dimen303
\l__tblr_strut_dp_dim=\dimen304
\l__tblr_strut_ht_dim=\dimen305
\g__tblr_cell_wd_dim=\dimen306
\g__tblr_cell_ht_dim=\dimen307
\g__tblr_cell_head_dim=\dimen308
\g__tblr_cell_foot_dim=\dimen309
\l__column_target_dim=\dimen310
\l__tblr_caption_box=\box75
\l__tblr_caption_left_box=\box76
\l__tblr_row_head_box=\box77
\l__tblr_row_foot_box=\box78
\l__tblr_row_head_foot_dim=\dimen311
\tablewidth=\dimen312
\l__tblr_table_firsthead_box=\box79
\l__tblr_table_middlehead_box=\box80
\l__tblr_table_lasthead_box=\box81
\l__tblr_table_firstfoot_box=\box82
\l__tblr_table_middlefoot_box=\box83
\l__tblr_table_lastfoot_box=\box84
\l__tblr_remain_height_dim=\dimen313
\l__tblr_long_from_int=\count395
\l__tblr_long_to_int=\count396
\l__tblr_curr_i_int=\count397
\l__tblr_prev_i_int=\count398
\l__tblr_table_page_int=\count399
\l__tblr_table_head_box=\box85
\l__tblr_table_foot_box=\box86
\l__tblr_table_head_foot_dim=\dimen314
\l__tblr_table_head_body_foot_dim=\dimen315
\l__tblr_table_box=\box87
\l__tblr_table_hlines_box=\box88
\l__tblr_hline_box=\box89
\l__tblr_row_box=\box90
\l__tblr_col_o_wd_dim=\dimen316
\l__tblr_col_b_wd_dim=\dimen317
\l__tblr_hline_leftskip_dim=\dimen318
\l__tblr_hline_rightskip_dim=\dimen319
\l__tblr_row_ht_dim=\dimen320
\l__tblr_row_dp_dim=\dimen321
\l__tblr_row_abovesep_dim=\dimen322
\l__tblr_row_belowsep_dim=\dimen323
\l__tblr_row_vlines_box=\box91
\l__tblr_vline_box=\box92
\l__tblr_cell_box=\box93
\l__row_upper_dim=\dimen324
\l__row_lower_dim=\dimen325
\l__row_vpace_dim=\dimen326
\l__tblr_vline_aboveskip_dim=\dimen327
\l__tblr_vline_belowskip_dim=\dimen328
\l__tblr_cell_wd_dim=\dimen329
\l__tblr_cell_ht_dim=\dimen330
\l__tblr_diag_box=\box94
) (/usr/share/texlive/texmf-dist/tex/latex/algorithms/algorithm.sty
Package: algorithm 2009/08/24 v0.1 Document Style `algorithm' - floating environment
 (/usr/share/texlive/texmf-dist/tex/latex/float/float.sty
Package: float 2001/11/08 v1.3d Float enhancements (AL)
\c@float@type=\count400
\float@exts=\toks46
\float@box=\box95
\@float@everytoks=\toks47
\@floatcapt=\box96
)
\@float@every@algorithm=\toks48
\c@algorithm=\count401
) (/usr/share/texlive/texmf-dist/tex/latex/algorithmicx/algpseudocode.sty
Package: algpseudocode 
 (/usr/share/texlive/texmf-dist/tex/latex/algorithmicx/algorithmicx.sty
Package: algorithmicx 2005/04/27 v1.2 Algorithmicx

Document Style algorithmicx 1.2 - a greatly improved `algorithmic' style
\c@ALG@line=\count402
\c@ALG@rem=\count403
\c@ALG@nested=\count404
\ALG@tlm=\skip265
\ALG@thistlm=\skip266
\c@ALG@Lnr=\count405
\c@ALG@blocknr=\count406
\c@ALG@storecount=\count407
\c@ALG@tmpcounter=\count408
\ALG@tmplength=\skip267
)
Document Style - pseudocode environments for use with the `algorithmicx' style
) (/usr/share/texlive/texmf-dist/tex/latex/cleveref/cleveref.sty
Package: cleveref 2018/03/27 v0.21.4 Intelligent cross-referencing
LaTeX Info: Redefining \Cref on input line 925.
Package cleveref Info: `hyperref' support loaded on input line 2370.
LaTeX Info: Redefining \cref on input line 2370.
LaTeX Info: Redefining \Cref on input line 2370.
LaTeX Info: Redefining \crefrange on input line 2370.
LaTeX Info: Redefining \Crefrange on input line 2370.
LaTeX Info: Redefining \cpageref on input line 2370.
LaTeX Info: Redefining \Cpageref on input line 2370.
LaTeX Info: Redefining \cpagerefrange on input line 2370.
LaTeX Info: Redefining \Cpagerefrange on input line 2370.
LaTeX Info: Redefining \labelcref on input line 2370.
LaTeX Info: Redefining \labelcpageref on input line 2370.
Package cleveref Info: `amsthm' support loaded on input line 3026.
Package cleveref Info: `algorithmicx' support loaded on input line 3120.
Package cleveref Info: always capitalise cross-reference names on input line 7825.
Package cleveref Info: include cross-reference names in hyperlinks on input line 7836.
Package cleveref Info: always capitalise cross-reference names on input line 7852.
Package cleveref Info: include cross-reference names in hyperlinks on input line 7852.
)
Package hyperref Info: Option `colorlinks' set `true' on input line 59.
 (/usr/share/texlive/texmf-dist/tex/latex/csquotes/csquotes.sty
Package: csquotes 2022-09-14 v5.2n context-sensitive quotations (JAW)
\csq@reset=\count409
\csq@gtype=\count410
\csq@glevel=\count411
\csq@qlevel=\count412
\csq@maxlvl=\count413
\csq@tshold=\count414
\csq@ltx@everypar=\toks49
 (/usr/share/texlive/texmf-dist/tex/latex/csquotes/csquotes.def
File: csquotes.def 2022-09-14 v5.2n csquotes generic definitions (JAW)
)
Package csquotes Info: Trying to load configuration file 'csquotes.cfg'...
Package csquotes Info: ... configuration file loaded successfully.
 (/usr/share/texlive/texmf-dist/tex/latex/csquotes/csquotes.cfg
File: csquotes.cfg 
)) (/usr/share/texlive/texmf-dist/tex/latex/biblatex/biblatex.sty
Package: biblatex 2022/07/12 v3.18b programmable bibliographies (PK/MW)
 (/usr/share/texlive/texmf-dist/tex/latex/logreq/logreq.sty
Package: logreq 2010/08/04 v1.0 xml request logger
\lrq@indent=\count415
 (/usr/share/texlive/texmf-dist/tex/latex/logreq/logreq.def
File: logreq.def 2010/08/04 v1.0 logreq spec v1.0
))
\c@tabx@nest=\count416
\c@listtotal=\count417
\c@listcount=\count418
\c@liststart=\count419
\c@liststop=\count420
\c@citecount=\count421
\c@citetotal=\count422
\c@multicitecount=\count423
\c@multicitetotal=\count424
\c@instcount=\count425
\c@maxnames=\count426
\c@minnames=\count427
\c@maxitems=\count428
\c@minitems=\count429
\c@citecounter=\count430
\c@maxcitecounter=\count431
\c@savedcitecounter=\count432
\c@uniquelist=\count433
\c@uniquename=\count434
\c@refsection=\count435
\c@refsegment=\count436
\c@maxextratitle=\count437
\c@maxextratitleyear=\count438
\c@maxextraname=\count439
\c@maxextradate=\count440
\c@maxextraalpha=\count441
\c@abbrvpenalty=\count442
\c@highnamepenalty=\count443
\c@lownamepenalty=\count444
\c@maxparens=\count445
\c@parenlevel=\count446
\blx@tempcnta=\count447
\blx@tempcntb=\count448
\blx@tempcntc=\count449
\c@blx@maxsection=\count450
\blx@maxsegment@0=\count451
\blx@notetype=\count452
\blx@parenlevel@text=\count453
\blx@parenlevel@foot=\count454
\blx@sectionciteorder@0=\count455
\blx@sectionciteorderinternal@0=\count456
\blx@entrysetcounter=\count457
\blx@biblioinstance=\count458
\labelnumberwidth=\skip268
\labelalphawidth=\skip269
\biblabelsep=\skip270
\bibnamesep=\skip271
\bibinitsep=\skip272
\bibparsep=\skip273
\bibhang=\skip274
\blx@bcfin=\read5
\blx@bcfout=\write5
\blx@langwohyphens=\language89
\c@mincomprange=\count459
\c@maxcomprange=\count460
\c@mincompwidth=\count461
Package biblatex Info: Trying to load biblatex default data model...
Package biblatex Info: ... file 'blx-dm.def' found.
 (/usr/share/texlive/texmf-dist/tex/latex/biblatex/blx-dm.def
File: blx-dm.def 2022/07/12 v3.18b biblatex localization (PK/MW)
)
Package biblatex Info: Trying to load biblatex style data model...
Package biblatex Info: ... file 'abnt-numeric.dbx' not found.
Package biblatex Info: Trying to load biblatex custom data model...
Package biblatex Info: ... file 'biblatex-dm.cfg' not found.
\c@afterword=\count462
\c@savedafterword=\count463
\c@annotator=\count464
\c@savedannotator=\count465
\c@author=\count466
\c@savedauthor=\count467
\c@bookauthor=\count468
\c@savedbookauthor=\count469
\c@commentator=\count470
\c@savedcommentator=\count471
\c@editor=\count472
\c@savededitor=\count473
\c@editora=\count474
\c@savededitora=\count475
\c@editorb=\count476
\c@savededitorb=\count477
\c@editorc=\count478
\c@savededitorc=\count479
\c@foreword=\count480
\c@savedforeword=\count481
\c@holder=\count482
\c@savedholder=\count483
\c@introduction=\count484
\c@savedintroduction=\count485
\c@namea=\count486
\c@savednamea=\count487
\c@nameb=\count488
\c@savednameb=\count489
\c@namec=\count490
\c@savednamec=\count491
\c@translator=\count492
\c@savedtranslator=\count493
\c@shortauthor=\count494
\c@savedshortauthor=\count495
\c@shorteditor=\count496
\c@savedshorteditor=\count497
\c@labelname=\count498
\c@savedlabelname=\count499
\c@institution=\count500
\c@savedinstitution=\count501
\c@lista=\count502
\c@savedlista=\count503
\c@listb=\count504
\c@savedlistb=\count505
\c@listc=\count506
\c@savedlistc=\count507
\c@listd=\count508
\c@savedlistd=\count509
\c@liste=\count510
\c@savedliste=\count511
\c@listf=\count512
\c@savedlistf=\count513
\c@location=\count514
\c@savedlocation=\count515
\c@organization=\count516
\c@savedorganization=\count517
\c@origlocation=\count518
\c@savedoriglocation=\count519
\c@origpublisher=\count520
\c@savedorigpublisher=\count521
\c@publisher=\count522
\c@savedpublisher=\count523
\c@language=\count524
\c@savedlanguage=\count525
\c@origlanguage=\count526
\c@savedoriglanguage=\count527
\c@pageref=\count528
\c@savedpageref=\count529
\shorthandwidth=\skip275
\shortjournalwidth=\skip276
\shortserieswidth=\skip277
\shorttitlewidth=\skip278
\shortauthorwidth=\skip279
\shorteditorwidth=\skip280
\locallabelnumberwidth=\skip281
\locallabelalphawidth=\skip282
\localshorthandwidth=\skip283
\localshortjournalwidth=\skip284
\localshortserieswidth=\skip285
\localshorttitlewidth=\skip286
\localshortauthorwidth=\skip287
\localshorteditorwidth=\skip288
Package biblatex Info: Trying to load enhanced support for Unicode engines...
Package biblatex Info: ... file 'blx-unicode.def' found.
 (/usr/share/texlive/texmf-dist/tex/latex/biblatex/blx-unicode.def)
Package biblatex Info: Trying to load compatibility code...
Package biblatex Info: ... file 'blx-compat.def' found.
 (/usr/share/texlive/texmf-dist/tex/latex/biblatex/blx-compat.def
File: blx-compat.def 2022/07/12 v3.18b biblatex compatibility (PK/MW)
)
Package biblatex Info: Trying to load generic definitions...
Package biblatex Info: ... file 'biblatex.def' found.
 (/usr/share/texlive/texmf-dist/tex/latex/biblatex/biblatex.def
File: biblatex.def 2022/07/12 v3.18b biblatex compatibility (PK/MW)
\c@textcitecount=\count530
\c@textcitetotal=\count531
\c@textcitemaxnames=\count532
\c@biburlbigbreakpenalty=\count533
\c@biburlbreakpenalty=\count534
\c@biburlnumpenalty=\count535
\c@biburlucpenalty=\count536
\c@biburllcpenalty=\count537
\biburlbigskip=\muskip18
\biburlnumskip=\muskip19
\biburlucskip=\muskip20
\biburllcskip=\muskip21
\c@smartand=\count538
)
Package biblatex Info: Trying to load bibliography style 'abnt-numeric'...
Package biblatex Info: ... file 'abnt-numeric.bbx' found.
 (/usr/share/texlive/texmf-dist/tex/latex/biblatex-abnt/abnt-numeric.bbx
File: abnt-numeric.bbx 2018-11-17 v3.4 ABNT BibLaTeX citation style
Package biblatex Info: Trying to load bibliography style 'abnt'...
Package biblatex Info: ... file 'abnt.bbx' found.
 (/usr/share/texlive/texmf-dist/tex/latex/biblatex-abnt/abnt.bbx
File: abnt.bbx 2018-11-17 v3.4 ABNT BibLaTeX citation style
 (/usr/share/texlive/texmf-dist/tex/latex/l3packages/xparse/xparse.sty
Package: xparse 2023-01-16 L3 Experimental document command parser
) (/usr/share/texlive/texmf-dist/tex/latex/xpatch/xpatch.sty
Package: xpatch 2020/03/25 v0.3a Extending etoolbox patching commands
)
Package biblatex Info: Trying to load bibliography style 'standard'...
Package biblatex Info: ... file 'standard.bbx' found.
 (/usr/share/texlive/texmf-dist/tex/latex/biblatex/bbx/standard.bbx
File: standard.bbx 2022/07/12 v3.18b biblatex bibliography style (PK/MW)
\c@bbx:relatedcount=\count539
\c@bbx:relatedtotal=\count540
)))
Package biblatex Info: Trying to load citation style 'abnt-numeric'...
Package biblatex Info: ... file 'abnt-numeric.cbx' found.
 (/usr/share/texlive/texmf-dist/tex/latex/biblatex-abnt/abnt-numeric.cbx
File: abnt-numeric.cbx 2018-11-17 v3.4 ABNT BibLaTeX citation style
Package biblatex Info: Trying to load citation style 'numeric'...
Package biblatex Info: ... file 'numeric.cbx' found.
 (/usr/share/texlive/texmf-dist/tex/latex/biblatex/cbx/numeric.cbx
File: numeric.cbx 2022/07/12 v3.18b biblatex citation style (PK/MW)
Package biblatex Info: Redefining '\cite'.
Package biblatex Info: Redefining '\parencite'.
Package biblatex Info: Redefining '\footcite'.
Package biblatex Info: Redefining '\footcitetext'.
Package biblatex Info: Redefining '\smartcite'.
Package biblatex Info: Redefining '\supercite'.
Package biblatex Info: Redefining '\textcite'.
Package biblatex Info: Redefining '\textcites'.
Package biblatex Info: Redefining '\cites'.
Package biblatex Info: Redefining '\parencites'.
Package biblatex Info: Redefining '\smartcites'.
)
\c@cbx@tempcnta=\count541
\c@cbx@tempcntb=\count542
Package biblatex Info: Redefining '\cite'.
Package biblatex Info: Redefining '\parencite'.
Package biblatex Info: Redefining '\footcite'.
Package biblatex Info: Redefining '\footcitetext'.
Package biblatex Info: Redefining '\smartcite'.
Package biblatex Info: Redefining '\supercite'.
Package biblatex Info: Redefining '\cbx@textcite'.
Package biblatex Info: Redefining '\textcite'.
Package biblatex Info: Redefining '\cbx@textcites'.
Package biblatex Info: Redefining '\textcites'.
Package biblatex Info: Redefining '\cites'.
Package biblatex Info: Redefining '\parencites'.
Package biblatex Info: Redefining '\smartcites'.
)
Package biblatex Info: Trying to load configuration file...
Package biblatex Info: ... file 'biblatex.cfg' found.
 (/usr/share/texlive/texmf-dist/tex/latex/biblatex/biblatex.cfg
File: biblatex.cfg 
)
Package biblatex Info: LuaTeX detected.
(biblatex)             Assuming input encoding 'utf8'.
Package biblatex Info: Document encoding is UTF8 ....
Package biblatex Info: ... and expl3
(biblatex)             2023-01-16 L3 programming layer (loader) 
(biblatex)             is new enough (at least 2020/04/06),
(biblatex)             setting 'casechanger=expl3'.
 (/usr/share/texlive/texmf-dist/tex/latex/biblatex/blx-case-expl3.sty
Package: blx-case-expl3 2022/07/12 v3.18b expl3 case changing code for biblatex
)))
Package csquotes Info: Checking for multilingual support...
Package csquotes Info: ... found 'babel' package.
Package csquotes Info: Adjusting default style.
Package csquotes Info: Redefining alias 'default' -> 'brazil'.

No file neural_network.aux.

\openout1 = neural_network.aux
LaTeX Font Info:    Checking defaults for OML/cmm/m/it on input line 16.
LaTeX Font Info:    ... okay on input line 16.
LaTeX Font Info:    Checking defaults for OMS/cmsy/m/n on input line 16.
LaTeX Font Info:    ... okay on input line 16.
LaTeX Font Info:    Checking defaults for OT1/cmr/m/n on input line 16.
LaTeX Font Info:    ... okay on input line 16.
LaTeX Font Info:    Checking defaults for T1/cmr/m/n on input line 16.
LaTeX Font Info:    ... okay on input line 16.
LaTeX Font Info:    Checking defaults for TS1/cmr/m/n on input line 16.
LaTeX Font Info:    Trying to load font information for TS1+cmr on input line 16.
(/usr/share/texlive/texmf-dist/tex/latex/base/ts1cmr.fd
File: ts1cmr.fd 2022/07/10 v2.5l Standard LaTeX font definitions
)
LaTeX Font Info:    ... okay on input line 16.
LaTeX Font Info:    Checking defaults for TU/lmr/m/n on input line 16.
LaTeX Font Info:    ... okay on input line 16.
LaTeX Font Info:    Checking defaults for OMX/cmex/m/n on input line 16.
LaTeX Font Info:    ... okay on input line 16.
LaTeX Font Info:    Checking defaults for U/cmr/m/n on input line 16.
LaTeX Font Info:    ... okay on input line 16.
LaTeX Font Info:    Checking defaults for PD1/pdf/m/n on input line 16.
LaTeX Font Info:    ... okay on input line 16.
LaTeX Font Info:    Checking defaults for PU/pdf/m/n on input line 16.
LaTeX Font Info:    ... okay on input line 16.
Package hyperref Info: Link coloring ON on input line 16.
\myptabbox=\box97
\myptabboxwidth=\skip289
 (/usr/share/texlive/texmf-dist/tex/context/base/mkii/supp-pdf.mkii
[Loading MPS to PDF converter (version 2006.09.02).]
\scratchcounter=\count543
\scratchdimen=\dimen331
\scratchbox=\box98
\nofMPsegments=\count544
\nofMParguments=\count545
\everyMPshowfont=\toks50
\MPscratchCnt=\count546
\MPscratchDim=\dimen332
\MPnumerator=\count547
\makeMPintoPDFobject=\count548
\everyMPtoPDFconversion=\toks51
) (/usr/share/texlive/texmf-dist/tex/latex/epstopdf-pkg/epstopdf-base.sty
Package: epstopdf-base 2020-01-24 v2.11 Base part for package epstopdf
Package epstopdf-base Info: Redefining graphics rule for `.eps' on input line 485.
 (/usr/share/texlive/texmf-dist/tex/latex/latexconfig/epstopdf-sys.cfg
File: epstopdf-sys.cfg 2010/07/13 v1.3 Configuration of (r)epstopdf for TeX Live
)) ("|'inkscape' -V ") (/usr/share/texlive/texmf-dist/tex/latex/translations/translations-basic-dictionary-brazil.trsl
File: translations-basic-dictionary-brazil.trsl (brazil translation file `translations-basic-dictionary')
)
Package translations Info: loading dictionary `translations-basic-dictionary' for `brazil'. on input line 16.
 (/usr/share/texlive/texmf-dist/tex/latex/translations/translations-basic-dictionary-english.trsl
File: translations-basic-dictionary-english.trsl (english translation file `translations-basic-dictionary')
)
Package translations Info: loading dictionary `translations-basic-dictionary' for `english'. on input line 16.
Package caption Info: Begin \AtBeginDocument code.
Package caption Info: float package is loaded.
Package caption Info: End \AtBeginDocument code.
LaTeX Info: Redefining \microtypecontext on input line 16.
Package microtype Info: Applying patch `item' on input line 16.
Package microtype Info: Applying patch `toc' on input line 16.
Package microtype Info: Applying patch `eqnum' on input line 16.
Package microtype Info: Applying patch `footnote' on input line 16.
Package microtype Info: Generating PDF output.
Package microtype Info: Character protrusion enabled (level 2).
Package microtype Info: Using default protrusion set `alltext'.
Package microtype Info: Automatic font expansion enabled (level 2),
(microtype)             stretch: 20, shrink: 20, step: 1, non-selected.
Package microtype Info: Using default expansion set `alltext-nott'.
LaTeX Info: Redefining \showhyphens on input line 16.
Package microtype Info: No adjustment of tracking.
Package microtype Info: No adjustment of spacing.
Package microtype Info: No adjustment of kerning.
 (/usr/share/texlive/texmf-dist/tex/latex/microtype/mt-LatinModernRoman.cfg
File: mt-LatinModernRoman.cfg 2021/02/21 v1.1 microtype config. file: Latin Modern Roman (RS)
) (/usr/share/texlive/texmf-dist/tex/latex/ninecolors/ninecolors.sty
Package: ninecolors 2022-02-13 vv2022D Select colors with proper color contrast
)
Package biblatex Info: Trying to load language 'brazil' -> 'brazil-abnt'...
Package biblatex Info: ... file 'brazil-abnt.lbx' found.
 (/usr/share/texlive/texmf-dist/tex/latex/biblatex-abnt/brazil-abnt.lbx
File: brazil-abnt.lbx 2018-11-17 v3.4 ABNT BibLaTeX citation style


Package biblatex Warning: File 'brazilian-abnt-abnt.lbx' not found!
(biblatex)                Ignoring mapping 'brazilian-abnt' -> 'brazilian-abnt-abnt'.

Package biblatex Info: Trying to load language 'brazilian-abnt'...
Package biblatex Info: ... file 'brazilian-abnt.lbx' found.
(/usr/share/texlive/texmf-dist/tex/latex/biblatex-abnt/brazilian-abnt.lbx
File: brazilian-abnt.lbx 2018-11-17 v3.4 ABNT BibLaTeX citation style
Package biblatex Info: Trying to load language 'brazilian' -> 'brazilian-abnt'...
Package biblatex Info: ... file 'brazilian-abnt.lbx' found.
 (/usr/share/texlive/texmf-dist/tex/latex/biblatex-abnt/brazilian-abnt.lbx
File: brazilian-abnt.lbx 2018-11-17 v3.4 ABNT BibLaTeX citation style
Package biblatex Info: Trying to load language 'brazilian'...
Package biblatex Info: ... file 'brazilian.lbx' found.
 (/usr/share/texlive/texmf-dist/tex/latex/biblatex/lbx/brazilian.lbx
File: brazilian.lbx 2022/07/12 v3.18b biblatex localization (PK/MW)
)))
Package biblatex Info: Trying to load language 'brazilian-abnt'...
Package biblatex Info: ... file 'brazilian-abnt.lbx' found.
 (/usr/share/texlive/texmf-dist/tex/latex/biblatex-abnt/brazilian-abnt.lbx
File: brazilian-abnt.lbx 2018-11-17 v3.4 ABNT BibLaTeX citation style
Package biblatex Info: Trying to load language 'brazilian' -> 'brazilian-abnt'...
Package biblatex Info: ... file 'brazilian-abnt.lbx' found.
 (/usr/share/texlive/texmf-dist/tex/latex/biblatex-abnt/brazilian-abnt.lbx
File: brazilian-abnt.lbx 2018-11-17 v3.4 ABNT BibLaTeX citation style
Package biblatex Info: Trying to load language 'brazilian'...
Package biblatex Info: ... file 'brazilian.lbx' found.
 (/usr/share/texlive/texmf-dist/tex/latex/biblatex/lbx/brazilian.lbx
File: brazilian.lbx 2022/07/12 v3.18b biblatex localization (PK/MW)
)
Package biblatex Info: Trying to load language 'brazil'...
Package biblatex Info: ... file 'brazil.lbx' found.
 (/usr/share/texlive/texmf-dist/tex/latex/biblatex/lbx/brazil.lbx
File: brazil.lbx 2022/07/12 v3.18b biblatex localization (PK/MW)
Package biblatex Info: Trying to load language 'brazilian'...
Package biblatex Info: ... file 'brazilian.lbx' found.
 (/usr/share/texlive/texmf-dist/tex/latex/biblatex/lbx/brazilian.lbx
File: brazilian.lbx 2022/07/12 v3.18b biblatex localization (PK/MW)
)))
Package biblatex Info: Trying to load language 'brazil'...
Package biblatex Info: ... file 'brazil.lbx' found.
 (/usr/share/texlive/texmf-dist/tex/latex/biblatex/lbx/brazil.lbx
File: brazil.lbx 2022/07/12 v3.18b biblatex localization (PK/MW)
Package biblatex Info: Trying to load language 'brazilian' -> 'brazilian-abnt'...
Package biblatex Info: ... file 'brazilian-abnt.lbx' found.
 (/usr/share/texlive/texmf-dist/tex/latex/biblatex-abnt/brazilian-abnt.lbx
File: brazilian-abnt.lbx 2018-11-17 v3.4 ABNT BibLaTeX citation style
Package biblatex Info: Trying to load language 'brazilian'...
Package biblatex Info: ... file 'brazilian.lbx' found.
 (/usr/share/texlive/texmf-dist/tex/latex/biblatex/lbx/brazilian.lbx
File: brazilian.lbx 2022/07/12 v3.18b biblatex localization (PK/MW)
)
Package biblatex Info: Trying to load language 'brazil'...
Package biblatex Info: ... file 'brazil.lbx' found.
 (/usr/share/texlive/texmf-dist/tex/latex/biblatex/lbx/brazil.lbx
File: brazil.lbx 2022/07/12 v3.18b biblatex localization (PK/MW)
Package biblatex Info: Trying to load language 'brazilian'...
Package biblatex Info: ... file 'brazilian.lbx' found.
 (/usr/share/texlive/texmf-dist/tex/latex/biblatex/lbx/brazilian.lbx
File: brazilian.lbx 2022/07/12 v3.18b biblatex localization (PK/MW)
))))))
Package biblatex Info: Trying to load language 'english' -> 'english-abnt'...
Package biblatex Info: ... file 'english-abnt.lbx' found.
 (/usr/share/texlive/texmf-dist/tex/latex/biblatex-abnt/english-abnt.lbx
File: english-abnt.lbx 2018-11-17 v3.4 ABNT BibLaTeX citation style
Package biblatex Info: Trying to load language 'english'...
Package biblatex Info: ... file 'english.lbx' found.
 (/usr/share/texlive/texmf-dist/tex/latex/biblatex/lbx/english.lbx
File: english.lbx 2022/07/12 v3.18b biblatex localization (PK/MW)
)
Package biblatex Info: Trying to load language 'english'...
Package biblatex Info: ... file 'english.lbx' found.
 (/usr/share/texlive/texmf-dist/tex/latex/biblatex/lbx/english.lbx
File: english.lbx 2022/07/12 v3.18b biblatex localization (PK/MW)
)
Package biblatex Info: Trying to load language 'english'...
Package biblatex Info: ... file 'english.lbx' found.
 (/usr/share/texlive/texmf-dist/tex/latex/biblatex/lbx/english.lbx
File: english.lbx 2022/07/12 v3.18b biblatex localization (PK/MW)
))
Package biblatex Info: LuaTeX detected.
(biblatex)             Assuming input encoding 'utf8'.
Package biblatex Info: Automatic encoding selection.
(biblatex)             Assuming data encoding 'utf8'.

\openout5 = neural_network.bcf
Package biblatex Info: Trying to load bibliographic data...
Package biblatex Info: ... file 'neural_network.bbl' not found.

No file neural_network.bbl.
Package biblatex Info: Reference section=0 on input line 16.
Package biblatex Info: Reference segment=0 on input line 16.
Package cleveref Info: loaded `english' language definitions on input line 17.
Package microtype Info: Loading generic protrusion settings for font family
(microtype)             `lmss' (encoding: TU).
(microtype)             For optimal results, create family-specific settings.
(microtype)             See the microtype manual for details.
LaTeX Font Info:    Trying to load font information for OT1+lmr on input line 19.
(/usr/share/texmf/tex/latex/lm/ot1lmr.fd
File: ot1lmr.fd 2015/05/01 v1.6.1 Font defs for Latin Modern
)
Package microtype Info: Loading generic protrusion settings for font family
(microtype)             `lmr' (encoding: OT1).
(microtype)             For optimal results, create family-specific settings.
(microtype)             See the microtype manual for details.
LaTeX Font Info:    Trying to load font information for OML+lmm on input line 19.
 (/usr/share/texmf/tex/latex/lm/omllmm.fd
File: omllmm.fd 2015/05/01 v1.6.1 Font defs for Latin Modern
)
LaTeX Font Info:    Trying to load font information for OMS+lmsy on input line 19.
 (/usr/share/texmf/tex/latex/lm/omslmsy.fd
File: omslmsy.fd 2015/05/01 v1.6.1 Font defs for Latin Modern
)
LaTeX Font Info:    Trying to load font information for OMX+lmex on input line 19.
 (/usr/share/texmf/tex/latex/lm/omxlmex.fd
File: omxlmex.fd 2015/05/01 v1.6.1 Font defs for Latin Modern
)
LaTeX Font Info:    External font `lmex10' loaded for size
(Font)              <12> on input line 19.
LaTeX Font Info:    External font `lmex10' loaded for size
(Font)              <8> on input line 19.
LaTeX Font Info:    External font `lmex10' loaded for size
(Font)              <6> on input line 19.
LaTeX Font Info:    Trying to load font information for U+msa on input line 19.
 (/usr/share/texlive/texmf-dist/tex/latex/amsfonts/umsa.fd
File: umsa.fd 2013/01/14 v3.01 AMS symbols A
) (/usr/share/texlive/texmf-dist/tex/latex/microtype/mt-msa.cfg
File: mt-msa.cfg 2006/02/04 v1.1 microtype config. file: AMS symbols (a) (RS)
)
LaTeX Font Info:    Trying to load font information for U+msb on input line 19.
 (/usr/share/texlive/texmf-dist/tex/latex/amsfonts/umsb.fd
File: umsb.fd 2013/01/14 v3.01 AMS symbols B
) (/usr/share/texlive/texmf-dist/tex/latex/microtype/mt-msb.cfg
File: mt-msb.cfg 2005/06/01 v1.0 microtype config. file: AMS symbols (b) (RS)
) [1



{/var/lib/texmf/fonts/map/pdftex/updmap/pdftex.map}] [2

]
No file neural_network.lof.
[3]
No file neural_network.toc.
(./sections/1intro/intro.tex [4

]

LaTeX Warning: Citation 'lee2020' on page 5 undefined on input line 3.


LaTeX Warning: Citation 'poola2017' on page 5 undefined on input line 3.


LaTeX Warning: Citation 'rabunal2006' on page 5 undefined on input line 3.


LaTeX Warning: Citation 'muthukrishnan2020' on page 5 undefined on input line 4.


LaTeX Warning: Citation 'leiner2009' on page 5 undefined on input line 5.


LaTeX Warning: Citation 'cohen-almagor2011' on page 5 undefined on input line 5.


LaTeX Warning: Citation 'goda2012' on page 5 undefined on input line 6.


LaTeX Warning: Citation 'duan2019' on page 5 undefined on input line 7.


LaTeX Warning: Citation 'chan-olmsted2019' on page 5 undefined on input line 10.


LaTeX Warning: Citation 'milana2021' on page 5 undefined on input line 10.


LaTeX Warning: Citation 'kollar2021' on page 5 undefined on input line 10.


LaTeX Warning: Citation 'hubacek2019' on page 5 undefined on input line 10.


LaTeX Warning: Citation 'goodfellow2016' on page 5 undefined on input line 11.


LaTeX Warning: Citation 'aurelien2022' on page 5 undefined on input line 11.


LaTeX Warning: Citation 'raschka2015' on page 5 undefined on input line 11.


LaTeX Warning: Citation 'raschka2022' on page 5 undefined on input line 11.


LaTeX Warning: Citation 'biswas2023' on page 5 undefined on input line 12.


LaTeX Warning: Citation 'biswas2023a' on page 5 undefined on input line 12.


LaTeX Warning: Citation 'lund2023' on page 5 undefined on input line 12.


LaTeX Warning: Citation 'baidoo-anu2023' on page 5 undefined on input line 12.


LaTeX Warning: Citation 'azimi2020' on page 5 undefined on input line 14.


LaTeX Warning: Citation 'ye2019' on page 5 undefined on input line 14.


LaTeX Warning: Citation 'farrar2012' on page 5 undefined on input line 15.


LaTeX Warning: Citation 'smarsly2007' on page 5 undefined on input line 17.


LaTeX Warning: Citation 'sun2020' on page 5 undefined on input line 17.


LaTeX Warning: Citation 'lahmeri2021' on page 5 undefined on input line 19.


LaTeX Warning: Citation 'ahirwar2019' on page 5 undefined on input line 19.


LaTeX Warning: Citation 'verdouw2016' on page 5 undefined on input line 19.


LaTeX Warning: Citation 'tzounis2017' on page 5 undefined on input line 19.


LaTeX Warning: Citation 'geronel2023' on page 5 undefined on input line 20.


LaTeX Warning: Citation 'guo2021' on page 5 undefined on input line 20.


LaTeX Warning: Citation 'assilian1974' on page 5 undefined on input line 20.


Underfull \vbox (badness 2837) has occurred while \output is active []

 [5

]

LaTeX Warning: Citation 'ruiz-real2020' on page 6 undefined on input line 22.


LaTeX Warning: Citation 'yu2018' on page 6 undefined on input line 22.


LaTeX Warning: Citation 'davenport2019' on page 6 undefined on input line 22.


LaTeX Warning: Citation 'verma2021' on page 6 undefined on input line 22.


LaTeX Warning: Citation 'mhlanga2020' on page 6 undefined on input line 22.


LaTeX Warning: Citation 'pannu2015' on page 6 undefined on input line 22.


LaTeX Warning: Citation 'ghatrehsamani2023' on page 6 undefined on input line 22.


LaTeX Warning: Citation 'jeble2018' on page 6 undefined on input line 23.


LaTeX Warning: Citation 'koscielniak2015' on page 6 undefined on input line 23.


LaTeX Warning: Citation 'baji2018' on page 6 undefined on input line 24.


Overfull \hbox (6.02043pt too wide) in paragraph at lines 22--25
\TU/lmr/m/n/12 ers ([], [], [], [], [], [],
 []


LaTeX Warning: Citation 'meindl2021' on page 6 undefined on input line 28.


Overfull \hbox (16.63254pt too wide) in paragraph at lines 28--31
[]\TU/lmr/m/n/12 With the 4.0 in-dus-try, the en-gi-neer-ing evo-lu-tion is grow-ing big-ger ev-ery year ([]).
 []

) (./sections/2review/intro.tex
Package cleveref Info: loaded `english' language definitions on input line 1.
 [6]

LaTeX Warning: Reference `sec:results' on page 1 undefined on input line 5.

) (./sections/2review/uav.tex

LaTeX Warning: Citation 'ramakrishnan2023' on page 7 undefined on input line 8.


LaTeX Warning: Citation 'mcphillips2022' on page 7 undefined on input line 8.


LaTeX Warning: Citation 'thiels2015' on page 7 undefined on input line 9.


LaTeX Warning: Citation 'delcerro2021' on page 7 undefined on input line 12.


LaTeX Warning: Citation 'sivakumar2021' on page 7 undefined on input line 16.


LaTeX Warning: Reference `fig:quadcopter_forces_scheme' on page 1 undefined on input line 21.


LaTeX Warning: Citation 'geronel2023' on page 7 undefined on input line 21.


LaTeX Warning: Citation '' on page 7 undefined on input line 21.


LaTeX Warning: Citation 'fossen1994' on page 7 undefined on input line 21.


LaTeX Warning: Citation '' on page 7 undefined on input line 21.

[7

]

LaTeX Warning: Reference `eq:uav_motion_equation' on page 1 undefined on input line 34.

LaTeX Font Info:    External font `lmex10' loaded for size
(Font)              <10> on input line 44.
LaTeX Font Info:    External font `lmex10' loaded for size
(Font)              <7> on input line 44.
LaTeX Font Info:    External font `lmex10' loaded for size
(Font)              <5> on input line 44.
Package svg Info: Calling Inkscape on input line 45.
runsystem(inkscape "figures/2review/uav/uav_forces.svg" -D --export-latex --export-filename="uav_forces_svg-tex.pdf")...executed
runsystem(mkdir -p "./svg-inkscape/")...executed
runsystem(mv "uav_forces_svg-tex.pdf" "./svg-inkscape/uav_forces_svg-tex.pdf")...executed
runsystem(mv "uav_forces_svg-tex.pdf_tex" "./svg-inkscape/uav_forces_svg-tex.pdf_tex")...executed
Package svg Info: Last page of `./svg-inkscape/uav_forces_svg-tex.pdf' is 1 on input line 45.
(./svg-inkscape/uav_forces_svg-tex.pdf_tex
<./svg-inkscape/uav_forces_svg-tex.pdf, id=55, page=1, 227.62204pt x 189.46754pt>
File: ./svg-inkscape/uav_forces_svg-tex.pdf Graphic file (type pdf)
<use ./svg-inkscape/uav_forces_svg-tex.pdf, page 1>
Package luatex.def Info: ./svg-inkscape/uav_forces_svg-tex.pdf , page1 used on input line 56.
(luatex.def)             Requested size: 227.62204pt x 189.47574pt.
)

LaTeX Warning: Citation 'geronel2023' on page 8 undefined on input line 51.


LaTeX Warning: Citation '' on page 8 undefined on input line 51.


LaTeX Warning: Citation 'geronel2023' on page 8 undefined on input line 55.


LaTeX Warning: Citation '' on page 8 undefined on input line 55.

) (./sections/2review/nn.tex

LaTeX Warning: Citation 'goodfellow2016' on page 8 undefined on input line 5.


LaTeX Warning: Citation '' on page 8 undefined on input line 5.


LaTeX Warning: Citation 'haykin1999' on page 8 undefined on input line 5.


LaTeX Warning: Citation '' on page 8 undefined on input line 5.

Package cleveref Info: loaded `english' language definitions on input line 7.
[8<./svg-inkscape/uav_forces_svg-tex.pdf>]

LaTeX Warning: Citation 'winston1992' on page 9 undefined on input line 8.


LaTeX Warning: Citation 'mccarthy2007' on page 9 undefined on input line 8.


LaTeX Warning: Citation '' on page 9 undefined on input line 8.


Overfull \hbox (119.18132pt too wide) in paragraph at lines 8--10
[]\TU/lmr/m/n/12 There are sev-eral def-i-ni-tions of AI ([]), but the com-puter sci-en-tist [][]
 []

Package cleveref Info: loaded `english' language definitions on input line 10.
Package cleveref Info: loaded `english' language definitions on input line 12.
Package svg Info: Calling Inkscape on input line 22.
runsystem(inkscape "figures/2review/nn/venn_dl.svg" -D --export-latex --export-filename="venn_dl_svg-tex.pdf")...executed
runsystem(mkdir -p "./svg-inkscape/")...executed
runsystem(mv "venn_dl_svg-tex.pdf" "./svg-inkscape/venn_dl_svg-tex.pdf")...executed
runsystem(mv "venn_dl_svg-tex.pdf_tex" "./svg-inkscape/venn_dl_svg-tex.pdf_tex")...executed
Package svg Info: Last page of `./svg-inkscape/venn_dl_svg-tex.pdf' is 2 on input line 22.
(./svg-inkscape/venn_dl_svg-tex.pdf_tex
<./svg-inkscape/venn_dl_svg-tex.pdf, id=80, page=1, 227.93066pt x 204.36325pt>
File: ./svg-inkscape/venn_dl_svg-tex.pdf Graphic file (type pdf)
<use ./svg-inkscape/venn_dl_svg-tex.pdf, page 1>
Package luatex.def Info: ./svg-inkscape/venn_dl_svg-tex.pdf , page1 used on input line 56.
(luatex.def)             Requested size: 227.93065pt x 204.36897pt.
<./svg-inkscape/venn_dl_svg-tex.pdf, id=81, page=2, 227.93066pt x 204.36325pt>
File: ./svg-inkscape/venn_dl_svg-tex.pdf Graphic file (type pdf)
<use ./svg-inkscape/venn_dl_svg-tex.pdf, page 2>
Package luatex.def Info: ./svg-inkscape/venn_dl_svg-tex.pdf , page2 used on input line 60.
(luatex.def)             Requested size: 227.93065pt x 204.36897pt.
)
Package cleveref Info: loaded `english' language definitions on input line 39.
 [9<./svg-inkscape/venn_dl_svg-tex.pdf><./svg-inkscape/venn_dl_svg-tex.pdf>]
Package svg Info: Calling Inkscape on input line 49.
runsystem(inkscape "figures/2review/nn/ann_bnn.svg" -D --export-latex --export-filename="ann_bnn_svg-tex.pdf")...executed
runsystem(mkdir -p "./svg-inkscape/")...executed
runsystem(mv "ann_bnn_svg-tex.pdf" "./svg-inkscape/ann_bnn_svg-tex.pdf")...executed
runsystem(mv "ann_bnn_svg-tex.pdf_tex" "./svg-inkscape/ann_bnn_svg-tex.pdf_tex")...executed
Package svg Info: Last page of `./svg-inkscape/ann_bnn_svg-tex.pdf' is 3 on input line 49.
 (./svg-inkscape/ann_bnn_svg-tex.pdf_tex
<./svg-inkscape/ann_bnn_svg-tex.pdf, id=90, page=1, 206.12595pt x 204.03185pt>
File: ./svg-inkscape/ann_bnn_svg-tex.pdf Graphic file (type pdf)
<use ./svg-inkscape/ann_bnn_svg-tex.pdf, page 1>
Package luatex.def Info: ./svg-inkscape/ann_bnn_svg-tex.pdf , page1 used on input line 56.
(luatex.def)             Requested size: 206.12593pt x 204.03134pt.
<./svg-inkscape/ann_bnn_svg-tex.pdf, id=91, page=2, 206.12595pt x 204.03185pt>
File: ./svg-inkscape/ann_bnn_svg-tex.pdf Graphic file (type pdf)
<use ./svg-inkscape/ann_bnn_svg-tex.pdf, page 2>
Package luatex.def Info: ./svg-inkscape/ann_bnn_svg-tex.pdf , page2 used on input line 60.
(luatex.def)             Requested size: 206.12593pt x 204.03134pt.
<./svg-inkscape/ann_bnn_svg-tex.pdf, id=92, page=3, 206.12595pt x 204.03185pt>
File: ./svg-inkscape/ann_bnn_svg-tex.pdf Graphic file (type pdf)
<use ./svg-inkscape/ann_bnn_svg-tex.pdf, page 3>
Package luatex.def Info: ./svg-inkscape/ann_bnn_svg-tex.pdf , page3 used on input line 68.
(luatex.def)             Requested size: 206.12593pt x 204.03134pt.
)

LaTeX Warning: Reference `sec:loss_function' on page 1 undefined on input line 60.


LaTeX Warning: Reference `fig:mlp' on page 1 undefined on input line 63.

Package cleveref Info: loaded `english' language definitions on input line 64.
[10<./svg-inkscape/ann_bnn_svg-tex.pdf><./svg-inkscape/ann_bnn_svg-tex.pdf><./svg-inkscape/ann_bnn_svg-tex.pdf>]
Package svg Info: Calling Inkscape on input line 68.
runsystem(inkscape "figures/2review/nn/nn3.svg" -D --export-latex --export-filename="nn3_svg-tex.pdf")...executed
runsystem(mkdir -p "./svg-inkscape/")...executed
runsystem(mv "nn3_svg-tex.pdf" "./svg-inkscape/nn3_svg-tex.pdf")...executed
runsystem(mv "nn3_svg-tex.pdf_tex" "./svg-inkscape/nn3_svg-tex.pdf_tex")...executed
Package svg Info: Last page of `./svg-inkscape/nn3_svg-tex.pdf' is 8 on input line 68.
 (./svg-inkscape/nn3_svg-tex.pdf_tex
<./svg-inkscape/nn3_svg-tex.pdf, id=101, page=1, 382.74632pt x 192.05415pt>
File: ./svg-inkscape/nn3_svg-tex.pdf Graphic file (type pdf)
<use ./svg-inkscape/nn3_svg-tex.pdf, page 1>
Package luatex.def Info: ./svg-inkscape/nn3_svg-tex.pdf , page1 used on input line 56.
(luatex.def)             Requested size: 382.7463pt x 192.06538pt.
<./svg-inkscape/nn3_svg-tex.pdf, id=102, page=2, 382.74632pt x 192.05415pt>
File: ./svg-inkscape/nn3_svg-tex.pdf Graphic file (type pdf)
<use ./svg-inkscape/nn3_svg-tex.pdf, page 2>
Package luatex.def Info: ./svg-inkscape/nn3_svg-tex.pdf , page2 used on input line 58.
(luatex.def)             Requested size: 382.7463pt x 192.06538pt.
<./svg-inkscape/nn3_svg-tex.pdf, id=103, page=3, 382.74632pt x 192.05415pt>
File: ./svg-inkscape/nn3_svg-tex.pdf Graphic file (type pdf)
<use ./svg-inkscape/nn3_svg-tex.pdf, page 3>
Package luatex.def Info: ./svg-inkscape/nn3_svg-tex.pdf , page3 used on input line 60.
(luatex.def)             Requested size: 382.7463pt x 192.06538pt.
<./svg-inkscape/nn3_svg-tex.pdf, id=104, page=4, 382.74632pt x 192.05415pt>
File: ./svg-inkscape/nn3_svg-tex.pdf Graphic file (type pdf)
<use ./svg-inkscape/nn3_svg-tex.pdf, page 4>
Package luatex.def Info: ./svg-inkscape/nn3_svg-tex.pdf , page4 used on input line 63.
(luatex.def)             Requested size: 382.7463pt x 192.06538pt.
<./svg-inkscape/nn3_svg-tex.pdf, id=105, page=5, 382.74632pt x 192.05415pt>
File: ./svg-inkscape/nn3_svg-tex.pdf Graphic file (type pdf)
<use ./svg-inkscape/nn3_svg-tex.pdf, page 5>
Package luatex.def Info: ./svg-inkscape/nn3_svg-tex.pdf , page5 used on input line 66.
(luatex.def)             Requested size: 382.7463pt x 192.06538pt.
<./svg-inkscape/nn3_svg-tex.pdf, id=106, page=6, 382.74632pt x 192.05415pt>
File: ./svg-inkscape/nn3_svg-tex.pdf Graphic file (type pdf)
<use ./svg-inkscape/nn3_svg-tex.pdf, page 6>
Package luatex.def Info: ./svg-inkscape/nn3_svg-tex.pdf , page6 used on input line 69.
(luatex.def)             Requested size: 382.7463pt x 192.06538pt.
<./svg-inkscape/nn3_svg-tex.pdf, id=107, page=7, 382.74632pt x 192.05415pt>
File: ./svg-inkscape/nn3_svg-tex.pdf Graphic file (type pdf)
<use ./svg-inkscape/nn3_svg-tex.pdf, page 7>
Package luatex.def Info: ./svg-inkscape/nn3_svg-tex.pdf , page7 used on input line 72.
(luatex.def)             Requested size: 382.7463pt x 192.06538pt.
<./svg-inkscape/nn3_svg-tex.pdf, id=108, page=8, 382.74632pt x 192.05415pt>
File: ./svg-inkscape/nn3_svg-tex.pdf Graphic file (type pdf)
<use ./svg-inkscape/nn3_svg-tex.pdf, page 8>
Package luatex.def Info: ./svg-inkscape/nn3_svg-tex.pdf , page8 used on input line 76.
(luatex.def)             Requested size: 382.7463pt x 192.06538pt.
)
Package cleveref Info: loaded `english' language definitions on input line 102.
 [11<./svg-inkscape/nn3_svg-tex.pdf><./svg-inkscape/nn3_svg-tex.pdf><./svg-inkscape/nn3_svg-tex.pdf><./svg-inkscape/nn3_svg-tex.pdf><./svg-inkscape/nn3_svg-tex.pdf><./svg-inkscape/nn3_svg-tex.pdf><./svg-inkscape/nn3_svg-tex.pdf><./svg-inkscape/nn3_svg-tex.pdf>]

LaTeX Warning: Citation 'bussab2017' on page 12 undefined on input line 114.


LaTeX Warning: Reference `fig:mae_chart' on page 1 undefined on input line 125.

<figures/2review/nn/mae_chart.pdf, id=120, 341.4336pt x 170.71579pt>
File: figures/2review/nn/mae_chart.pdf Graphic file (type pdf)
<use figures/2review/nn/mae_chart.pdf>
Package luatex.def Info: figures/2review/nn/mae_chart.pdf  used on input line 130.
(luatex.def)             Requested size: 341.43275pt x 170.71536pt.

LaTeX Warning: Citation 'nesterov2004' on page 12 undefined on input line 143.

<figures/2review/nn/gradient_descent.pdf, id=121, 341.4336pt x 170.71579pt>
File: figures/2review/nn/gradient_descent.pdf Graphic file (type pdf)
<use figures/2review/nn/gradient_descent.pdf>
Package luatex.def Info: figures/2review/nn/gradient_descent.pdf  used on input line 150.
(luatex.def)             Requested size: 341.43275pt x 170.71536pt.
Package cleveref Info: loaded `english' language definitions on input line 155.
[12]

LaTeX Warning: Citation 'stewart2016' on page 13 undefined on input line 158.


LaTeX Warning: Citation 'nielsen2015' on page 13 undefined on input line 161.

Package cleveref Info: loaded `english' language definitions on input line 163.
[13<./figures/2review/nn/mae_chart.pdf><./figures/2review/nn/gradient_descent.pdf>]

LaTeX Warning: Citation 'darken1991' on page 14 undefined on input line 189.


LaTeX Warning: Citation 'sutskever2013' on page 14 undefined on input line 189.


LaTeX Warning: Reference `alg:adam' on page 1 undefined on input line 193.


LaTeX Warning: Citation 'kingma2017' on page 14 undefined on input line 193.


LaTeX Warning: Citation '' on page 14 undefined on input line 193.


LaTeX Warning: Reference `sec:loss_function' on page 1 undefined on input line 193.


LaTeX Warning: Citation 'kingma2017' on page 14 undefined on input line 195.

Package hyperref Info: bookmark level for unknown algorithm defaults to 0 on input line 199.
) (./sections/3methodology/intro.tex
Package cleveref Info: loaded `english' language definitions on input line 1.
 [14]
Package cleveref Info: loaded `english' language definitions on input line 1.
 [15] [16

]

LaTeX Warning: Citation 'winston1992' on page 17 undefined on input line 3.


LaTeX Warning: Citation '' on page 17 undefined on input line 3.

Package cleveref Info: loaded `english' language definitions on input line 5.
Package cleveref Info: loaded `english' language definitions on input line 7.
) (./sections/3methodology/softwares.tex

LaTeX Warning: Citation 'demirkaya2009' on page 17 undefined on input line 6.


LaTeX Warning: Citation 'bansal' on page 17 undefined on input line 6.


LaTeX Warning: Citation 'geronel2023' on page 17 undefined on input line 8.


LaTeX Warning: Citation '' on page 17 undefined on input line 8.


LaTeX Warning: Citation 'abadi2016' on page 17 undefined on input line 14.


LaTeX Warning: Citation 'paszke2019' on page 17 undefined on input line 14.


LaTeX Warning: Citation 'goodman2017' on page 17 undefined on input line 16.


LaTeX Warning: Citation 'pytorch2019' on page 17 undefined on input line 16.


LaTeX Warning: Citation 'tensorflow2018' on page 17 undefined on input line 16.

) (./sections/3methodology/uav.tex

LaTeX Warning: Citation 'geronel2023' on page 17 undefined on input line 3.


LaTeX Warning: Citation '' on page 17 undefined on input line 3.

[17]

LaTeX Warning: Reference `fig:trajectory' on page 1 undefined on input line 25.

<figures/4results/uav/trajectory.pdf, id=347, 455.24077pt x 341.4356pt>
File: figures/4results/uav/trajectory.pdf Graphic file (type pdf)
<use figures/4results/uav/trajectory.pdf>
Package luatex.def Info: figures/4results/uav/trajectory.pdf  used on input line 29.
(luatex.def)             Requested size: 455.23965pt x 341.43475pt.

LaTeX Warning: Citation 'geronel2023' on page 18 undefined on input line 31.


LaTeX Warning: Citation '' on page 18 undefined on input line 31.


LaTeX Warning: Citation 'geronel2023' on page 18 undefined on input line 31.


LaTeX Warning: Citation '' on page 18 undefined on input line 31.

Package microtype Info: Loading generic protrusion settings for font family
(microtype)             `lmtt' (encoding: TU).
(microtype)             For optimal results, create family-specific settings.
(microtype)             See the microtype manual for details.
Package cleveref Info: loaded `english' language definitions on input line 36.
[18<./figures/4results/uav/trajectory.pdf>]

LaTeX Warning: Reference `fig:nns_scheme' on page 1 undefined on input line 51.


LaTeX Warning: Reference `fig:full_scheme' on page 1 undefined on input line 52.

Package svg Info: Calling Inkscape on input line 57.
runsystem(inkscape "figures/3methodology/nns_scheme.svg" -D --export-latex --export-filename="nns_scheme_svg-tex.pdf")...executed
runsystem(mkdir -p "./svg-inkscape/")...executed
runsystem(mv "nns_scheme_svg-tex.pdf" "./svg-inkscape/nns_scheme_svg-tex.pdf")...executed
runsystem(mv "nns_scheme_svg-tex.pdf_tex" "./svg-inkscape/nns_scheme_svg-tex.pdf_tex")...executed
Package svg Info: Last page of `./svg-inkscape/nns_scheme_svg-tex.pdf' is 2 on input line 57.
(./svg-inkscape/nns_scheme_svg-tex.pdf_tex
<./svg-inkscape/nns_scheme_svg-tex.pdf, id=382, page=1, 424.8372pt x 125.46704pt>
File: ./svg-inkscape/nns_scheme_svg-tex.pdf Graphic file (type pdf)
<use ./svg-inkscape/nns_scheme_svg-tex.pdf, page 1>
Package luatex.def Info: ./svg-inkscape/nns_scheme_svg-tex.pdf , page1 used on input line 58.
(luatex.def)             Requested size: 424.83719pt x 125.47246pt.
<./svg-inkscape/nns_scheme_svg-tex.pdf, id=383, page=2, 424.8372pt x 125.46704pt>
File: ./svg-inkscape/nns_scheme_svg-tex.pdf Graphic file (type pdf)
<use ./svg-inkscape/nns_scheme_svg-tex.pdf, page 2>
Package luatex.def Info: ./svg-inkscape/nns_scheme_svg-tex.pdf , page2 used on input line 65.
(luatex.def)             Requested size: 424.83719pt x 125.47246pt.
)
Package svg Info: Calling Inkscape on input line 66.
runsystem(inkscape "figures/3methodology/full_scheme.svg" -D --export-latex --export-filename="full_scheme_svg-tex.pdf")...executed
runsystem(mkdir -p "./svg-inkscape/")...executed
runsystem(mv "full_scheme_svg-tex.pdf" "./svg-inkscape/full_scheme_svg-tex.pdf")...executed
runsystem(mv "full_scheme_svg-tex.pdf_tex" "./svg-inkscape/full_scheme_svg-tex.pdf_tex")...executed
Package svg Info: Last page of `./svg-inkscape/full_scheme_svg-tex.pdf' is 3 on input line 66.
 (./svg-inkscape/full_scheme_svg-tex.pdf_tex
<./svg-inkscape/full_scheme_svg-tex.pdf, id=385, page=1, 393.28416pt x 83.32913pt>
File: ./svg-inkscape/full_scheme_svg-tex.pdf Graphic file (type pdf)
<use ./svg-inkscape/full_scheme_svg-tex.pdf, page 1>
Package luatex.def Info: ./svg-inkscape/full_scheme_svg-tex.pdf , page1 used on input line 58.
(luatex.def)             Requested size: 393.28416pt x 83.32892pt.
<./svg-inkscape/full_scheme_svg-tex.pdf, id=386, page=2, 393.28416pt x 83.32913pt>
File: ./svg-inkscape/full_scheme_svg-tex.pdf Graphic file (type pdf)
<use ./svg-inkscape/full_scheme_svg-tex.pdf, page 2>
Package luatex.def Info: ./svg-inkscape/full_scheme_svg-tex.pdf , page2 used on input line 65.
(luatex.def)             Requested size: 393.28416pt x 83.32892pt.
<./svg-inkscape/full_scheme_svg-tex.pdf, id=387, page=3, 393.28416pt x 83.32913pt>
File: ./svg-inkscape/full_scheme_svg-tex.pdf Graphic file (type pdf)
<use ./svg-inkscape/full_scheme_svg-tex.pdf, page 3>
Package luatex.def Info: ./svg-inkscape/full_scheme_svg-tex.pdf , page3 used on input line 67.
(luatex.def)             Requested size: 393.28416pt x 83.32892pt.
)

LaTeX Warning: Reference `eq:function_training_model_uav' on page 1 undefined on input line 76.

Package cleveref Info: loaded `english' language definitions on input line 82.
[19<./svg-inkscape/nns_scheme_svg-tex.pdf><./svg-inkscape/nns_scheme_svg-tex.pdf>]

LaTeX Warning: Reference `tab:nns_char' on page 1 undefined on input line 89.

> Step: init table outer spec.
> Step: parse table options.
> Step: split table.
> Step: init table inner spec.
> Step: parse table inner spec.
> Step: execute table commands.
> Step: calculate cell and line sizes.

Package tabularray Warning: Table width is too small, need 81.49583pt more!

> Step: build the whole table.
) (./sections/4results/intro.tex
Package cleveref Info: loaded `english' language definitions on input line 1.
 [20<./svg-inkscape/full_scheme_svg-tex.pdf><./svg-inkscape/full_scheme_svg-tex.pdf><./svg-inkscape/full_scheme_svg-tex.pdf>]) (./sections/4results/uav.tex

LaTeX Warning: Reference `fig:test_loss' on page 1 undefined on input line 3.

<../codes/models/model_alpha/figures/ann1_loss_function.pdf, id=405, 199.1693pt x 199.1693pt>
File: ../codes/models/model_alpha/figures/ann1_loss_function.pdf Graphic file (type pdf)
<use ../codes/models/model_alpha/figures/ann1_loss_function.pdf>
Package luatex.def Info: ../codes/models/model_alpha/figures/ann1_loss_function.pdf  used on input line 11.
(luatex.def)             Requested size: 199.1688pt x 199.1688pt.
<../codes/models/model_alpha/figures/ann2_loss_function.pdf